2026-07-13 10:56:42 [INFO]
mbm-api()
MBM API started Environment="Development" Urls="" LogFolder="Logs"

2026-07-13 10:56:49 [INFO]
AdminSeederHostedService()
Superadmin already exists ("superadmin@msmebharatmanch.com").

2026-07-13 10:56:50 [INFO]
SmtpWarmupHostedService()
SMTP warmup starting.

2026-07-13 10:56:50 [INFO]
SmtpEmailSender()
SMTP warmup DNS resolved Host="smtpout.secureserver.net" AddressCount=1 ElapsedMs=74

2026-07-13 10:56:50 [INFO]
SmtpEmailSender()
SMTP warmup TCP connected Host="smtpout.secureserver.net" Port=587 ElapsedMs=287

2026-07-13 10:56:50 [INFO]
SmtpWarmupHostedService()
SMTP warmup finished.

2026-07-13 11:08:55 [INFO]
JwtBearerHandler()
Failed to validate the token.
Request URL: GET /api/user/me
IP Address: ::1
Correlation ID: 0HNN0JTBMMB6H:00000001
Exception:
Microsoft.IdentityModel.Tokens.SecurityTokenExpiredException: IDX10223: Lifetime validation failed. The token is expired. ValidTo (UTC): '11-07-2026 09:59:26 AM', Current time (UTC): '13-07-2026 05:38:55 AM'.
   at Microsoft.IdentityModel.Tokens.Validators.ValidateLifetime(Nullable`1 notBefore, Nullable`1 expires, SecurityToken securityToken, TokenValidationParameters validationParameters)
   at Microsoft.IdentityModel.JsonWebTokens.JsonWebTokenHandler.ValidateTokenPayloadAsync(JsonWebToken jsonWebToken, TokenValidationParameters validationParameters, BaseConfiguration configuration)
   at Microsoft.IdentityModel.JsonWebTokens.JsonWebTokenHandler.ValidateJWSAsync(JsonWebToken jsonWebToken, TokenValidationParameters validationParameters, BaseConfiguration configuration)

2026-07-13 11:08:55 [INFO]
JwtBearerHandler()
Failed to validate the token.
Request URL: GET /api/payment/my-plan
IP Address: ::1
Correlation ID: 0HNN0JTBMMB6G:00000001
Exception:
Microsoft.IdentityModel.Tokens.SecurityTokenExpiredException: IDX10223: Lifetime validation failed. The token is expired. ValidTo (UTC): '11-07-2026 09:59:26 AM', Current time (UTC): '13-07-2026 05:38:55 AM'.
   at Microsoft.IdentityModel.Tokens.Validators.ValidateLifetime(Nullable`1 notBefore, Nullable`1 expires, SecurityToken securityToken, TokenValidationParameters validationParameters)
   at Microsoft.IdentityModel.JsonWebTokens.JsonWebTokenHandler.ValidateTokenPayloadAsync(JsonWebToken jsonWebToken, TokenValidationParameters validationParameters, BaseConfiguration configuration)
   at Microsoft.IdentityModel.JsonWebTokens.JsonWebTokenHandler.ValidateJWSAsync(JsonWebToken jsonWebToken, TokenValidationParameters validationParameters, BaseConfiguration configuration)

2026-07-13 11:08:55 [INFO]
JwtBearerHandler()
"Bearer" was not authenticated. Failure message: "IDX10223: Lifetime validation failed. The token is expired. ValidTo (UTC): '11-07-2026 09:59:26 AM', Current time (UTC): '13-07-2026 05:38:55 AM'."
Request URL: GET /api/user/me
IP Address: ::1
Correlation ID: 0HNN0JTBMMB6H:00000001

2026-07-13 11:08:55 [INFO]
JwtBearerHandler()
"Bearer" was not authenticated. Failure message: "IDX10223: Lifetime validation failed. The token is expired. ValidTo (UTC): '11-07-2026 09:59:26 AM', Current time (UTC): '13-07-2026 05:38:55 AM'."
Request URL: GET /api/payment/my-plan
IP Address: ::1
Correlation ID: 0HNN0JTBMMB6G:00000001

2026-07-13 11:08:55 [INFO]
JwtBearerHandler()
AuthenticationScheme: "Bearer" was challenged.
Request URL: GET /api/user/me
IP Address: ::1
Correlation ID: 0HNN0JTBMMB6H:00000001

2026-07-13 11:08:55 [INFO]
JwtBearerHandler()
AuthenticationScheme: "Bearer" was challenged.
Request URL: GET /api/payment/my-plan
IP Address: ::1
Correlation ID: 0HNN0JTBMMB6G:00000001

2026-07-13 11:23:39 [INFO]
mbm-api()
MBM API started Environment="Development" Urls="" LogFolder="Logs"

2026-07-13 11:23:44 [INFO]
AdminSeederHostedService()
Superadmin already exists ("superadmin@msmebharatmanch.com").

2026-07-13 11:23:44 [INFO]
SmtpWarmupHostedService()
SMTP warmup starting.

2026-07-13 11:23:45 [INFO]
SmtpEmailSender()
SMTP warmup DNS resolved Host="smtpout.secureserver.net" AddressCount=1 ElapsedMs=125

2026-07-13 11:23:45 [INFO]
SmtpEmailSender()
SMTP warmup TCP connected Host="smtpout.secureserver.net" Port=587 ElapsedMs=449

2026-07-13 11:23:45 [INFO]
SmtpWarmupHostedService()
SMTP warmup finished.

2026-07-13 11:23:59 [INFO]
mbm-api()
MBM API started Environment="Development" Urls="" LogFolder="Logs"

2026-07-13 11:24:02 [INFO]
AdminSeederHostedService()
Superadmin already exists ("superadmin@msmebharatmanch.com").

2026-07-13 11:24:03 [INFO]
SmtpWarmupHostedService()
SMTP warmup starting.

2026-07-13 11:24:03 [INFO]
SmtpEmailSender()
SMTP warmup DNS resolved Host="smtpout.secureserver.net" AddressCount=1 ElapsedMs=23

2026-07-13 11:24:03 [INFO]
SmtpEmailSender()
SMTP warmup TCP connected Host="smtpout.secureserver.net" Port=587 ElapsedMs=281

2026-07-13 11:24:03 [INFO]
SmtpWarmupHostedService()
SMTP warmup finished.

2026-07-13 11:24:36 [INFO]
JwtBearerHandler()
Failed to validate the token.
Request URL: GET /api/user/me
IP Address: ::1
Correlation ID: 0HNN0KCIDKE93:00000001
Exception:
Microsoft.IdentityModel.Tokens.SecurityTokenExpiredException: IDX10223: Lifetime validation failed. The token is expired. ValidTo (UTC): '11-07-2026 09:59:26 AM', Current time (UTC): '13-07-2026 05:54:36 AM'.
   at Microsoft.IdentityModel.Tokens.Validators.ValidateLifetime(Nullable`1 notBefore, Nullable`1 expires, SecurityToken securityToken, TokenValidationParameters validationParameters)
   at Microsoft.IdentityModel.JsonWebTokens.JsonWebTokenHandler.ValidateTokenPayloadAsync(JsonWebToken jsonWebToken, TokenValidationParameters validationParameters, BaseConfiguration configuration)
   at Microsoft.IdentityModel.JsonWebTokens.JsonWebTokenHandler.ValidateJWSAsync(JsonWebToken jsonWebToken, TokenValidationParameters validationParameters, BaseConfiguration configuration)

2026-07-13 11:24:36 [INFO]
JwtBearerHandler()
Failed to validate the token.
Request URL: GET /api/payment/my-plan
IP Address: ::1
Correlation ID: 0HNN0KCIDKE92:00000001
Exception:
Microsoft.IdentityModel.Tokens.SecurityTokenExpiredException: IDX10223: Lifetime validation failed. The token is expired. ValidTo (UTC): '11-07-2026 09:59:26 AM', Current time (UTC): '13-07-2026 05:54:36 AM'.
   at Microsoft.IdentityModel.Tokens.Validators.ValidateLifetime(Nullable`1 notBefore, Nullable`1 expires, SecurityToken securityToken, TokenValidationParameters validationParameters)
   at Microsoft.IdentityModel.JsonWebTokens.JsonWebTokenHandler.ValidateTokenPayloadAsync(JsonWebToken jsonWebToken, TokenValidationParameters validationParameters, BaseConfiguration configuration)
   at Microsoft.IdentityModel.JsonWebTokens.JsonWebTokenHandler.ValidateJWSAsync(JsonWebToken jsonWebToken, TokenValidationParameters validationParameters, BaseConfiguration configuration)

2026-07-13 11:24:36 [INFO]
JwtBearerHandler()
"Bearer" was not authenticated. Failure message: "IDX10223: Lifetime validation failed. The token is expired. ValidTo (UTC): '11-07-2026 09:59:26 AM', Current time (UTC): '13-07-2026 05:54:36 AM'."
Request URL: GET /api/user/me
IP Address: ::1
Correlation ID: 0HNN0KCIDKE93:00000001

2026-07-13 11:24:36 [INFO]
JwtBearerHandler()
"Bearer" was not authenticated. Failure message: "IDX10223: Lifetime validation failed. The token is expired. ValidTo (UTC): '11-07-2026 09:59:26 AM', Current time (UTC): '13-07-2026 05:54:36 AM'."
Request URL: GET /api/payment/my-plan
IP Address: ::1
Correlation ID: 0HNN0KCIDKE92:00000001

2026-07-13 11:24:36 [INFO]
JwtBearerHandler()
AuthenticationScheme: "Bearer" was challenged.
Request URL: GET /api/payment/my-plan
IP Address: ::1
Correlation ID: 0HNN0KCIDKE92:00000001

2026-07-13 11:24:36 [INFO]
JwtBearerHandler()
AuthenticationScheme: "Bearer" was challenged.
Request URL: GET /api/user/me
IP Address: ::1
Correlation ID: 0HNN0KCIDKE93:00000001

2026-07-13 11:27:30 [INFO]
JwtBearerHandler()
Failed to validate the token.
Request URL: GET /api/user/me
IP Address: ::1
Correlation ID: 0HNN0KCIDKE95:00000001
Exception:
Microsoft.IdentityModel.Tokens.SecurityTokenExpiredException: IDX10223: Lifetime validation failed. The token is expired. ValidTo (UTC): '11-07-2026 09:59:26 AM', Current time (UTC): '13-07-2026 05:57:30 AM'.
   at Microsoft.IdentityModel.Tokens.Validators.ValidateLifetime(Nullable`1 notBefore, Nullable`1 expires, SecurityToken securityToken, TokenValidationParameters validationParameters)
   at Microsoft.IdentityModel.JsonWebTokens.JsonWebTokenHandler.ValidateTokenPayloadAsync(JsonWebToken jsonWebToken, TokenValidationParameters validationParameters, BaseConfiguration configuration)
   at Microsoft.IdentityModel.JsonWebTokens.JsonWebTokenHandler.ValidateJWSAsync(JsonWebToken jsonWebToken, TokenValidationParameters validationParameters, BaseConfiguration configuration)

2026-07-13 11:27:30 [INFO]
JwtBearerHandler()
Failed to validate the token.
Request URL: GET /api/payment/my-plan
IP Address: ::1
Correlation ID: 0HNN0KCIDKE94:00000001
Exception:
Microsoft.IdentityModel.Tokens.SecurityTokenExpiredException: IDX10223: Lifetime validation failed. The token is expired. ValidTo (UTC): '11-07-2026 09:59:26 AM', Current time (UTC): '13-07-2026 05:57:30 AM'.
   at Microsoft.IdentityModel.Tokens.Validators.ValidateLifetime(Nullable`1 notBefore, Nullable`1 expires, SecurityToken securityToken, TokenValidationParameters validationParameters)
   at Microsoft.IdentityModel.JsonWebTokens.JsonWebTokenHandler.ValidateTokenPayloadAsync(JsonWebToken jsonWebToken, TokenValidationParameters validationParameters, BaseConfiguration configuration)
   at Microsoft.IdentityModel.JsonWebTokens.JsonWebTokenHandler.ValidateJWSAsync(JsonWebToken jsonWebToken, TokenValidationParameters validationParameters, BaseConfiguration configuration)

2026-07-13 11:27:30 [INFO]
JwtBearerHandler()
"Bearer" was not authenticated. Failure message: "IDX10223: Lifetime validation failed. The token is expired. ValidTo (UTC): '11-07-2026 09:59:26 AM', Current time (UTC): '13-07-2026 05:57:30 AM'."
Request URL: GET /api/payment/my-plan
IP Address: ::1
Correlation ID: 0HNN0KCIDKE94:00000001

2026-07-13 11:27:30 [INFO]
JwtBearerHandler()
"Bearer" was not authenticated. Failure message: "IDX10223: Lifetime validation failed. The token is expired. ValidTo (UTC): '11-07-2026 09:59:26 AM', Current time (UTC): '13-07-2026 05:57:30 AM'."
Request URL: GET /api/user/me
IP Address: ::1
Correlation ID: 0HNN0KCIDKE95:00000001

2026-07-13 11:27:30 [INFO]
JwtBearerHandler()
AuthenticationScheme: "Bearer" was challenged.
Request URL: GET /api/payment/my-plan
IP Address: ::1
Correlation ID: 0HNN0KCIDKE94:00000001

2026-07-13 11:27:30 [INFO]
JwtBearerHandler()
AuthenticationScheme: "Bearer" was challenged.
Request URL: GET /api/user/me
IP Address: ::1
Correlation ID: 0HNN0KCIDKE95:00000001

2026-07-13 14:29:21 [INFO]
mbm-api()
MBM API started Environment="Development" Urls="" LogFolder="Logs"

2026-07-13 14:29:24 [INFO]
AdminSeederHostedService()
Superadmin already exists ("superadmin@msmebharatmanch.com").

2026-07-13 14:29:25 [INFO]
SmtpWarmupHostedService()
SMTP warmup starting.

2026-07-13 14:29:25 [INFO]
SmtpEmailSender()
SMTP warmup DNS resolved Host="smtpout.secureserver.net" AddressCount=1 ElapsedMs=58

2026-07-13 14:29:25 [INFO]
SmtpEmailSender()
SMTP warmup TCP connected Host="smtpout.secureserver.net" Port=587 ElapsedMs=256

2026-07-13 14:29:25 [INFO]
SmtpWarmupHostedService()
SMTP warmup finished.

2026-07-13 14:46:32 [ERROR]
ExceptionHandlerMiddleware()
An unhandled exception has occurred while executing the request.
Request URL: GET /api/auth/check-user?mobileNumber=8898445796
IP Address: ::1
Correlation ID: 0HNN0NK4UKCSB:00000009
Exception:
System.InvalidOperationException: Multiple constructors accepting all given argument types have been found in type 'RB_Website_API.Controllers.AuthController'. There should only be one applicable constructor.
   at Microsoft.Extensions.DependencyInjection.ActivatorUtilities.TryFindMatchingConstructor(Type instanceType, Type[] argumentTypes, ConstructorInfo& matchingConstructor, Nullable`1[]& parameterMap)
   at Microsoft.Extensions.DependencyInjection.ActivatorUtilities.FindApplicableConstructor(Type instanceType, Type[] argumentTypes, ConstructorInfo& matchingConstructor, Nullable`1[]& matchingParameterMap)
   at Microsoft.Extensions.DependencyInjection.ActivatorUtilities.CreateFactoryInternal(Type instanceType, Type[] argumentTypes, ParameterExpression& provider, ParameterExpression& argumentArray, Expression& factoryExpressionBody)
   at Microsoft.Extensions.DependencyInjection.ActivatorUtilities.CreateFactory(Type instanceType, Type[] argumentTypes)
   at Microsoft.AspNetCore.Mvc.Controllers.ControllerActivatorProvider.CreateActivator(ControllerActionDescriptor descriptor)
   at Microsoft.AspNetCore.Mvc.Controllers.ControllerFactoryProvider.CreateControllerFactory(ControllerActionDescriptor descriptor)
   at Microsoft.AspNetCore.Mvc.Infrastructure.ControllerActionInvokerCache.GetCachedResult(ControllerContext controllerContext)
   at Microsoft.AspNetCore.Mvc.Routing.ControllerRequestDelegateFactory.<>c__DisplayClass12_0.<CreateRequestDelegate>b__0(HttpContext context)
   at Microsoft.AspNetCore.StaticFiles.StaticFileMiddleware.Invoke(HttpContext context)
   at Microsoft.AspNetCore.StaticFiles.DefaultFilesMiddleware.Invoke(HttpContext context)
   at Microsoft.AspNetCore.Authorization.AuthorizationMiddleware.Invoke(HttpContext context)
   at Microsoft.AspNetCore.Authentication.AuthenticationMiddleware.Invoke(HttpContext context)
   at Microsoft.AspNetCore.Diagnostics.ExceptionHandlerMiddlewareImpl.<Invoke>g__Awaited|10_0(ExceptionHandlerMiddlewareImpl middleware, HttpContext context, Task task)

2026-07-13 14:46:32 [ERROR]
ApiExceptionLogService()
API error 500 "GET" "/api/auth/check-user?mobileNumber=8898445796" UserId=null IP="::1" Operation=null UserMessage="Something went wrong. Please try again later."
Request URL: GET /api/auth/check-user?mobileNumber=8898445796
IP Address: ::1
Correlation ID: 0HNN0NK4UKCSB:00000009
Exception:
System.InvalidOperationException: Multiple constructors accepting all given argument types have been found in type 'RB_Website_API.Controllers.AuthController'. There should only be one applicable constructor.
   at Microsoft.Extensions.DependencyInjection.ActivatorUtilities.TryFindMatchingConstructor(Type instanceType, Type[] argumentTypes, ConstructorInfo& matchingConstructor, Nullable`1[]& parameterMap)
   at Microsoft.Extensions.DependencyInjection.ActivatorUtilities.FindApplicableConstructor(Type instanceType, Type[] argumentTypes, ConstructorInfo& matchingConstructor, Nullable`1[]& matchingParameterMap)
   at Microsoft.Extensions.DependencyInjection.ActivatorUtilities.CreateFactoryInternal(Type instanceType, Type[] argumentTypes, ParameterExpression& provider, ParameterExpression& argumentArray, Expression& factoryExpressionBody)
   at Microsoft.Extensions.DependencyInjection.ActivatorUtilities.CreateFactory(Type instanceType, Type[] argumentTypes)
   at Microsoft.AspNetCore.Mvc.Controllers.ControllerActivatorProvider.CreateActivator(ControllerActionDescriptor descriptor)
   at Microsoft.AspNetCore.Mvc.Controllers.ControllerFactoryProvider.CreateControllerFactory(ControllerActionDescriptor descriptor)
   at Microsoft.AspNetCore.Mvc.Infrastructure.ControllerActionInvokerCache.GetCachedResult(ControllerContext controllerContext)
   at Microsoft.AspNetCore.Mvc.Routing.ControllerRequestDelegateFactory.<>c__DisplayClass12_0.<CreateRequestDelegate>b__0(HttpContext context)
   at Microsoft.AspNetCore.StaticFiles.StaticFileMiddleware.Invoke(HttpContext context)
   at Microsoft.AspNetCore.StaticFiles.DefaultFilesMiddleware.Invoke(HttpContext context)
   at Microsoft.AspNetCore.Authorization.AuthorizationMiddleware.Invoke(HttpContext context)
   at Microsoft.AspNetCore.Authentication.AuthenticationMiddleware.Invoke(HttpContext context)
   at Microsoft.AspNetCore.Diagnostics.ExceptionHandlerMiddlewareImpl.<Invoke>g__Awaited|10_0(ExceptionHandlerMiddlewareImpl middleware, HttpContext context, Task task)

2026-07-13 14:48:34 [INFO]
mbm-api()
MBM API started Environment="Development" Urls="" LogFolder="Logs"

2026-07-13 14:48:37 [INFO]
AdminSeederHostedService()
Superadmin already exists ("superadmin@msmebharatmanch.com").

2026-07-13 14:48:37 [INFO]
SmtpWarmupHostedService()
SMTP warmup starting.

2026-07-13 14:48:37 [INFO]
SmtpEmailSender()
SMTP warmup DNS resolved Host="smtpout.secureserver.net" AddressCount=1 ElapsedMs=32

2026-07-13 14:48:37 [INFO]
SmtpEmailSender()
SMTP warmup TCP connected Host="smtpout.secureserver.net" Port=587 ElapsedMs=227

2026-07-13 14:48:37 [INFO]
SmtpWarmupHostedService()
SMTP warmup finished.

2026-07-13 14:51:32 [INFO]
LogicalHandler()
Start processing HTTP request "POST" "https://www.google.com/recaptcha/api/siteverify"
Request URL: POST /api/user/login
IP Address: ::1
Correlation ID: 0HNN0NUSDFM8F:00000001

2026-07-13 14:51:32 [INFO]
ClientHandler()
Sending HTTP request "POST" "https://www.google.com/recaptcha/api/siteverify"
Request URL: POST /api/user/login
IP Address: ::1
Correlation ID: 0HNN0NUSDFM8F:00000001

2026-07-13 14:51:32 [INFO]
ClientHandler()
Received HTTP response headers after 267.64ms - 200
Request URL: POST /api/user/login
IP Address: ::1
Correlation ID: 0HNN0NUSDFM8F:00000001

2026-07-13 14:51:32 [INFO]
LogicalHandler()
End processing HTTP request after 285.446ms - 200
Request URL: POST /api/user/login
IP Address: ::1
Correlation ID: 0HNN0NUSDFM8F:00000001

2026-07-13 14:52:07 [INFO]
AuthController()
OTP login attempt for "8898445796"
Request URL: POST /api/auth/verify-otp
IP Address: ::1
Correlation ID: 0HNN0NUSDFM8D:00000007

2026-07-13 14:52:09 [WARN]
AuthController()
OTP login failed — invalid/expired OTP for "8898445796" ElapsedMs=2212
Request URL: POST /api/auth/verify-otp
IP Address: ::1
Correlation ID: 0HNN0NUSDFM8D:00000007
Exception:
System.InvalidOperationException: OTP expired. Please resend OTP.
   at RB_Website_API.Auth.InMemoryOtpService.VerifySmsOtpAsync(String phone, String code, CancellationToken ct) in D:\MBM\backend\Auth\InMemoryOtpService.cs:line 129
   at RB_Website_API.Controllers.AuthController.VerifyOtpLogin(OtpLoginRequest req, CancellationToken ct) in D:\MBM\backend\Controllers\AuthController.cs:line 80

2026-07-13 14:52:47 [INFO]
InMemoryOtpService()
Registration SMS OTP generated for "8898445796"
Request URL: POST /api/auth/otp/sms/send
IP Address: ::1
Correlation ID: 0HNN0NUSDFM8D:00000009

2026-07-13 14:52:49 [INFO]
LogicalHandler()
Start processing HTTP request "GET" "http://164.52.195.161/API/SendMsg.aspx?uname=20240002&pass=999799qU&send=RUPBOS&dest=8898445796&msg=Dear%20Customer,%0AYour%20mobile%20verification%20code%20is%20262864%0APlease%20use%20this%20code%20to%20verify%20your%20account.%20Regard%20Team%20RupeeBoss."
Request URL: POST /api/auth/otp/sms/send
IP Address: ::1
Correlation ID: 0HNN0NUSDFM8D:00000009

2026-07-13 14:52:49 [INFO]
ClientHandler()
Sending HTTP request "GET" "http://164.52.195.161/API/SendMsg.aspx?uname=20240002&pass=999799qU&send=RUPBOS&dest=8898445796&msg=Dear%20Customer,%0AYour%20mobile%20verification%20code%20is%20262864%0APlease%20use%20this%20code%20to%20verify%20your%20account.%20Regard%20Team%20RupeeBoss."
Request URL: POST /api/auth/otp/sms/send
IP Address: ::1
Correlation ID: 0HNN0NUSDFM8D:00000009

2026-07-13 14:52:50 [INFO]
ClientHandler()
Received HTTP response headers after 1053.9074ms - 200
Request URL: POST /api/auth/otp/sms/send
IP Address: ::1
Correlation ID: 0HNN0NUSDFM8D:00000009

2026-07-13 14:52:50 [INFO]
LogicalHandler()
End processing HTTP request after 1055.2776ms - 200
Request URL: POST /api/auth/otp/sms/send
IP Address: ::1
Correlation ID: 0HNN0NUSDFM8D:00000009

2026-07-13 14:52:50 [INFO]
HttpSmsSender()
SMS gateway response for "8898445796": "8898445796-223764499787000001"
Request URL: POST /api/auth/otp/sms/send
IP Address: ::1
Correlation ID: 0HNN0NUSDFM8D:00000009

2026-07-13 14:52:50 [INFO]
InMemoryOtpService()
Registration SMS OTP sent for "8898445796"
Request URL: POST /api/auth/otp/sms/send
IP Address: ::1
Correlation ID: 0HNN0NUSDFM8D:00000009

2026-07-13 14:53:12 [INFO]
AuthController()
OTP login attempt for "8898445796"
Request URL: POST /api/auth/verify-otp
IP Address: ::1
Correlation ID: 0HNN0NUSDFM8D:0000000B

2026-07-13 14:53:13 [INFO]
AuthController()
OTP login successful UserId=7f1abd1b-f22a-49dc-9a02-fd6653f9f05f Role="member" ElapsedMs=1412
Request URL: POST /api/auth/verify-otp
User ID: 7f1abd1b-f22a-49dc-9a02-fd6653f9f05f
IP Address: ::1
Correlation ID: 0HNN0NUSDFM8D:0000000B

2026-07-13 14:56:59 [INFO]
AuthController()
Check-user request for "8898445796" IssueToken="[REDACTED]"
Request URL: GET /api/auth/check-user?mobileNumber=8898445796
IP Address: ::1
Correlation ID: 0HNN0NUSDFM8P:00000001

2026-07-13 14:56:59 [INFO]
AuthController()
Check-user — user found UserId=7f1abd1b-f22a-49dc-9a02-fd6653f9f05f Role="member"
Request URL: GET /api/auth/check-user?mobileNumber=8898445796
User ID: 7f1abd1b-f22a-49dc-9a02-fd6653f9f05f
IP Address: ::1
Correlation ID: 0HNN0NUSDFM8P:00000001

2026-07-13 14:59:51 [INFO]
AuthController()
Check-user request for "8898445796" IssueToken="[REDACTED]"
Request URL: GET /api/auth/check-user?mobileNumber=8898445796
IP Address: ::1
Correlation ID: 0HNN0NUSDFM8R:00000001

2026-07-13 14:59:51 [INFO]
AuthController()
Check-user — token issued UserId=7f1abd1b-f22a-49dc-9a02-fd6653f9f05f Role="member"
Request URL: GET /api/auth/check-user?mobileNumber=8898445796
User ID: 7f1abd1b-f22a-49dc-9a02-fd6653f9f05f
IP Address: ::1
Correlation ID: 0HNN0NUSDFM8R:00000001

