2026-07-06 11:13:56 [INFO]
JwtBearerHandler()
Failed to validate the token.
Request URL: GET /api/payment/my-plan
IP Address: ::1
Correlation ID: 0HNMP09CLN266:00000001
Exception:
Microsoft.IdentityModel.Tokens.SecurityTokenExpiredException: IDX10223: Lifetime validation failed. The token is expired. ValidTo (UTC): '05-07-2026 07:10:32 AM', Current time (UTC): '06-07-2026 05:43:56 AM'.
   at Microsoft.IdentityModel.Tokens.Validators.ValidateLifetime(Nullable`1 notBefore, Nullable`1 expires, SecurityToken securityToken, TokenValidationParameters validationParameters)
   at Microsoft.IdentityModel.JsonWebTokens.JsonWebTokenHandler.ValidateTokenPayloadAsync(JsonWebToken jsonWebToken, TokenValidationParameters validationParameters, BaseConfiguration configuration)
   at Microsoft.IdentityModel.JsonWebTokens.JsonWebTokenHandler.ValidateJWSAsync(JsonWebToken jsonWebToken, TokenValidationParameters validationParameters, BaseConfiguration configuration)

2026-07-06 11:13:56 [INFO]
JwtBearerHandler()
Failed to validate the token.
Request URL: GET /api/user/me
IP Address: ::1
Correlation ID: 0HNMP09CLN267:00000001
Exception:
Microsoft.IdentityModel.Tokens.SecurityTokenExpiredException: IDX10223: Lifetime validation failed. The token is expired. ValidTo (UTC): '05-07-2026 07:10:32 AM', Current time (UTC): '06-07-2026 05:43:56 AM'.
   at Microsoft.IdentityModel.Tokens.Validators.ValidateLifetime(Nullable`1 notBefore, Nullable`1 expires, SecurityToken securityToken, TokenValidationParameters validationParameters)
   at Microsoft.IdentityModel.JsonWebTokens.JsonWebTokenHandler.ValidateTokenPayloadAsync(JsonWebToken jsonWebToken, TokenValidationParameters validationParameters, BaseConfiguration configuration)
   at Microsoft.IdentityModel.JsonWebTokens.JsonWebTokenHandler.ValidateJWSAsync(JsonWebToken jsonWebToken, TokenValidationParameters validationParameters, BaseConfiguration configuration)

2026-07-06 11:13:57 [INFO]
JwtBearerHandler()
"Bearer" was not authenticated. Failure message: "IDX10223: Lifetime validation failed. The token is expired. ValidTo (UTC): '05-07-2026 07:10:32 AM', Current time (UTC): '06-07-2026 05:43:56 AM'."
Request URL: GET /api/user/me
IP Address: ::1
Correlation ID: 0HNMP09CLN267:00000001

2026-07-06 11:13:57 [INFO]
JwtBearerHandler()
"Bearer" was not authenticated. Failure message: "IDX10223: Lifetime validation failed. The token is expired. ValidTo (UTC): '05-07-2026 07:10:32 AM', Current time (UTC): '06-07-2026 05:43:56 AM'."
Request URL: GET /api/payment/my-plan
IP Address: ::1
Correlation ID: 0HNMP09CLN266:00000001

2026-07-06 11:13:57 [INFO]
JwtBearerHandler()
AuthenticationScheme: "Bearer" was challenged.
Request URL: GET /api/payment/my-plan
IP Address: ::1
Correlation ID: 0HNMP09CLN266:00000001

2026-07-06 11:13:57 [INFO]
JwtBearerHandler()
AuthenticationScheme: "Bearer" was challenged.
Request URL: GET /api/user/me
IP Address: ::1
Correlation ID: 0HNMP09CLN267:00000001

2026-07-06 11:34:12 [INFO]
JwtBearerHandler()
Failed to validate the token.
Request URL: GET /api/payment/my-plan
IP Address: ::1
Correlation ID: 0HNMP09CLN268:00000001
Exception:
Microsoft.IdentityModel.Tokens.SecurityTokenExpiredException: IDX10223: Lifetime validation failed. The token is expired. ValidTo (UTC): '05-07-2026 07:10:32 AM', Current time (UTC): '06-07-2026 06:04:12 AM'.
   at Microsoft.IdentityModel.Tokens.Validators.ValidateLifetime(Nullable`1 notBefore, Nullable`1 expires, SecurityToken securityToken, TokenValidationParameters validationParameters)
   at Microsoft.IdentityModel.JsonWebTokens.JsonWebTokenHandler.ValidateTokenPayloadAsync(JsonWebToken jsonWebToken, TokenValidationParameters validationParameters, BaseConfiguration configuration)
   at Microsoft.IdentityModel.JsonWebTokens.JsonWebTokenHandler.ValidateJWSAsync(JsonWebToken jsonWebToken, TokenValidationParameters validationParameters, BaseConfiguration configuration)

2026-07-06 11:34:12 [INFO]
JwtBearerHandler()
Failed to validate the token.
Request URL: GET /api/user/me
IP Address: ::1
Correlation ID: 0HNMP09CLN269:00000001
Exception:
Microsoft.IdentityModel.Tokens.SecurityTokenExpiredException: IDX10223: Lifetime validation failed. The token is expired. ValidTo (UTC): '05-07-2026 07:10:32 AM', Current time (UTC): '06-07-2026 06:04:12 AM'.
   at Microsoft.IdentityModel.Tokens.Validators.ValidateLifetime(Nullable`1 notBefore, Nullable`1 expires, SecurityToken securityToken, TokenValidationParameters validationParameters)
   at Microsoft.IdentityModel.JsonWebTokens.JsonWebTokenHandler.ValidateTokenPayloadAsync(JsonWebToken jsonWebToken, TokenValidationParameters validationParameters, BaseConfiguration configuration)
   at Microsoft.IdentityModel.JsonWebTokens.JsonWebTokenHandler.ValidateJWSAsync(JsonWebToken jsonWebToken, TokenValidationParameters validationParameters, BaseConfiguration configuration)

2026-07-06 11:34:12 [INFO]
JwtBearerHandler()
"Bearer" was not authenticated. Failure message: "IDX10223: Lifetime validation failed. The token is expired. ValidTo (UTC): '05-07-2026 07:10:32 AM', Current time (UTC): '06-07-2026 06:04:12 AM'."
Request URL: GET /api/user/me
IP Address: ::1
Correlation ID: 0HNMP09CLN269:00000001

2026-07-06 11:34:12 [INFO]
JwtBearerHandler()
"Bearer" was not authenticated. Failure message: "IDX10223: Lifetime validation failed. The token is expired. ValidTo (UTC): '05-07-2026 07:10:32 AM', Current time (UTC): '06-07-2026 06:04:12 AM'."
Request URL: GET /api/payment/my-plan
IP Address: ::1
Correlation ID: 0HNMP09CLN268:00000001

2026-07-06 11:34:12 [INFO]
JwtBearerHandler()
AuthenticationScheme: "Bearer" was challenged.
Request URL: GET /api/user/me
IP Address: ::1
Correlation ID: 0HNMP09CLN269:00000001

2026-07-06 11:34:12 [INFO]
JwtBearerHandler()
AuthenticationScheme: "Bearer" was challenged.
Request URL: GET /api/payment/my-plan
IP Address: ::1
Correlation ID: 0HNMP09CLN268:00000001

2026-07-06 11:49:23 [INFO]
JwtBearerHandler()
Failed to validate the token.
Request URL: GET /api/payment/my-plan
IP Address: ::1
Correlation ID: 0HNMP09CLN26A:00000001
Exception:
Microsoft.IdentityModel.Tokens.SecurityTokenExpiredException: IDX10223: Lifetime validation failed. The token is expired. ValidTo (UTC): '05-07-2026 07:10:32 AM', Current time (UTC): '06-07-2026 06:19:23 AM'.
   at Microsoft.IdentityModel.Tokens.Validators.ValidateLifetime(Nullable`1 notBefore, Nullable`1 expires, SecurityToken securityToken, TokenValidationParameters validationParameters)
   at Microsoft.IdentityModel.JsonWebTokens.JsonWebTokenHandler.ValidateTokenPayloadAsync(JsonWebToken jsonWebToken, TokenValidationParameters validationParameters, BaseConfiguration configuration)
   at Microsoft.IdentityModel.JsonWebTokens.JsonWebTokenHandler.ValidateJWSAsync(JsonWebToken jsonWebToken, TokenValidationParameters validationParameters, BaseConfiguration configuration)

2026-07-06 11:49:23 [INFO]
JwtBearerHandler()
Failed to validate the token.
Request URL: GET /api/user/me
IP Address: ::1
Correlation ID: 0HNMP09CLN26B:00000001
Exception:
Microsoft.IdentityModel.Tokens.SecurityTokenExpiredException: IDX10223: Lifetime validation failed. The token is expired. ValidTo (UTC): '05-07-2026 07:10:32 AM', Current time (UTC): '06-07-2026 06:19:23 AM'.
   at Microsoft.IdentityModel.Tokens.Validators.ValidateLifetime(Nullable`1 notBefore, Nullable`1 expires, SecurityToken securityToken, TokenValidationParameters validationParameters)
   at Microsoft.IdentityModel.JsonWebTokens.JsonWebTokenHandler.ValidateTokenPayloadAsync(JsonWebToken jsonWebToken, TokenValidationParameters validationParameters, BaseConfiguration configuration)
   at Microsoft.IdentityModel.JsonWebTokens.JsonWebTokenHandler.ValidateJWSAsync(JsonWebToken jsonWebToken, TokenValidationParameters validationParameters, BaseConfiguration configuration)

2026-07-06 11:49:23 [INFO]
JwtBearerHandler()
"Bearer" was not authenticated. Failure message: "IDX10223: Lifetime validation failed. The token is expired. ValidTo (UTC): '05-07-2026 07:10:32 AM', Current time (UTC): '06-07-2026 06:19:23 AM'."
Request URL: GET /api/user/me
IP Address: ::1
Correlation ID: 0HNMP09CLN26B:00000001

2026-07-06 11:49:23 [INFO]
JwtBearerHandler()
AuthenticationScheme: "Bearer" was challenged.
Request URL: GET /api/user/me
IP Address: ::1
Correlation ID: 0HNMP09CLN26B:00000001

2026-07-06 11:49:23 [INFO]
JwtBearerHandler()
"Bearer" was not authenticated. Failure message: "IDX10223: Lifetime validation failed. The token is expired. ValidTo (UTC): '05-07-2026 07:10:32 AM', Current time (UTC): '06-07-2026 06:19:23 AM'."
Request URL: GET /api/payment/my-plan
IP Address: ::1
Correlation ID: 0HNMP09CLN26A:00000001

2026-07-06 11:49:23 [INFO]
JwtBearerHandler()
AuthenticationScheme: "Bearer" was challenged.
Request URL: GET /api/payment/my-plan
IP Address: ::1
Correlation ID: 0HNMP09CLN26A:00000001

2026-07-06 17:11:07 [INFO]
mbm-api()
MBM API started Environment="Development" Urls="" LogFolder="Logs"

2026-07-06 17:11:17 [INFO]
AdminSeederHostedService()
Superadmin already exists ("superadmin@msmebharatmanch.com").

2026-07-06 17:11:17 [INFO]
DateTimeDefaultsSchemaHostedService()
DateTime column defaults verified (GETDATE()).

2026-07-06 17:11:18 [INFO]
SmtpWarmupHostedService()
SMTP warmup starting.

2026-07-06 17:11:18 [INFO]
SmtpEmailSender()
SMTP warmup DNS resolved Host="smtpout.secureserver.net" AddressCount=1 ElapsedMs=32

2026-07-06 17:11:19 [INFO]
SmtpEmailSender()
SMTP warmup TCP connected Host="smtpout.secureserver.net" Port=587 ElapsedMs=239

2026-07-06 17:11:19 [INFO]
SmtpWarmupHostedService()
SMTP warmup finished.

2026-07-06 17:41:34 [INFO]
mbm-api()
MBM API started Environment="Development" Urls="" LogFolder="Logs"

2026-07-06 17:41:40 [INFO]
AdminSeederHostedService()
Superadmin already exists ("superadmin@msmebharatmanch.com").

2026-07-06 17:41:40 [INFO]
DateTimeDefaultsSchemaHostedService()
DateTime column defaults verified (GETDATE()).

2026-07-06 17:41:41 [INFO]
SmtpWarmupHostedService()
SMTP warmup starting.

2026-07-06 17:41:41 [INFO]
SmtpEmailSender()
SMTP warmup DNS resolved Host="smtpout.secureserver.net" AddressCount=1 ElapsedMs=73

2026-07-06 17:41:42 [INFO]
SmtpEmailSender()
SMTP warmup TCP connected Host="smtpout.secureserver.net" Port=587 ElapsedMs=286

2026-07-06 17:41:42 [INFO]
SmtpWarmupHostedService()
SMTP warmup finished.

2026-07-06 17:42:49 [WARN]
Query()
The query uses the 'First'/'FirstOrDefault' operator without 'OrderBy' and filter operators. This may lead to unpredictable results.
Request URL: GET /api/admin/enquiry-management/stats
IP Address: ::1
Correlation ID: 0HNMRAUUNVESR:00000001

