2026-07-22 12:26:07 [INFO]
mbm-api()
MBM API started Environment="Development" Urls="" LogFolder="Logs"

2026-07-22 12:26:20 [INFO]
AdminSeederHostedService()
Superadmin already exists ("superadmin@msmebharatmanch.com").

2026-07-22 12:26:20 [INFO]
BlogInitializerService()
Blogs table verified.

2026-07-22 12:26:20 [INFO]
BlogInitializerService()
BlogCategories table verified.

2026-07-22 12:26:20 [INFO]
BlogInitializerService()
BlogBadges table verified.

2026-07-22 12:26:22 [INFO]
SmtpWarmupHostedService()
SMTP warmup starting.

2026-07-22 12:26:22 [INFO]
SmtpEmailSender()
SMTP warmup DNS resolved Host="smtpout.secureserver.net" AddressCount=1 ElapsedMs=150

2026-07-22 12:26:22 [INFO]
SmtpEmailSender()
SMTP warmup TCP connected Host="smtpout.secureserver.net" Port=587 ElapsedMs=399

2026-07-22 12:26:22 [INFO]
SmtpWarmupHostedService()
SMTP warmup finished.

2026-07-22 15:57:38 [INFO]
mbm-api()
MBM API started Environment="Development" Urls="" LogFolder="Logs"

2026-07-22 15:57:42 [INFO]
AdminSeederHostedService()
Superadmin already exists ("superadmin@msmebharatmanch.com").

2026-07-22 15:57:42 [INFO]
BlogInitializerService()
Blogs table verified.

2026-07-22 15:57:42 [INFO]
BlogInitializerService()
BlogCategories table verified.

2026-07-22 15:57:42 [INFO]
BlogInitializerService()
BlogBadges table verified.

2026-07-22 15:57:43 [INFO]
SmtpWarmupHostedService()
SMTP warmup starting.

2026-07-22 15:57:43 [INFO]
SmtpEmailSender()
SMTP warmup DNS resolved Host="smtpout.secureserver.net" AddressCount=1 ElapsedMs=64

2026-07-22 15:57:43 [INFO]
SmtpEmailSender()
SMTP warmup TCP connected Host="smtpout.secureserver.net" Port=587 ElapsedMs=272

2026-07-22 15:57:43 [INFO]
SmtpWarmupHostedService()
SMTP warmup finished.

