2026-07-20 11:20:01 [INFO]
mbm-api()
MBM API started Environment="Development" Urls="" LogFolder="Logs"

2026-07-20 11:20:10 [INFO]
AdminSeederHostedService()
Superadmin already exists ("superadmin@msmebharatmanch.com").

2026-07-20 11:20:11 [INFO]
BlogInitializerService()
Blogs table verified.

2026-07-20 11:20:11 [INFO]
BlogInitializerService()
BlogCategories table verified.

2026-07-20 11:20:11 [INFO]
BlogInitializerService()
BlogBadges table verified.

2026-07-20 11:20:12 [INFO]
SmtpWarmupHostedService()
SMTP warmup starting.

2026-07-20 11:20:12 [INFO]
SmtpEmailSender()
SMTP warmup DNS resolved Host="smtpout.secureserver.net" AddressCount=1 ElapsedMs=83

2026-07-20 11:20:12 [INFO]
SmtpEmailSender()
SMTP warmup TCP connected Host="smtpout.secureserver.net" Port=587 ElapsedMs=298

2026-07-20 11:20:12 [INFO]
SmtpWarmupHostedService()
SMTP warmup finished.

2026-07-20 11:21:58 [INFO]
LogicalHandler()
Start processing HTTP request "POST" "https://www.google.com/recaptcha/api/siteverify"
Request URL: POST /api/admin/login
IP Address: ::1
Correlation ID: 0HNN64B21T36M:00000001

2026-07-20 11:21:58 [INFO]
ClientHandler()
Sending HTTP request "POST" "https://www.google.com/recaptcha/api/siteverify"
Request URL: POST /api/admin/login
IP Address: ::1
Correlation ID: 0HNN64B21T36M:00000001

2026-07-20 11:21:58 [INFO]
ClientHandler()
Received HTTP response headers after 346.3588ms - 200
Request URL: POST /api/admin/login
IP Address: ::1
Correlation ID: 0HNN64B21T36M:00000001

2026-07-20 11:21:58 [INFO]
LogicalHandler()
End processing HTTP request after 374.9276ms - 200
Request URL: POST /api/admin/login
IP Address: ::1
Correlation ID: 0HNN64B21T36M:00000001

2026-07-20 11:22:07 [INFO]
LogicalHandler()
Start processing HTTP request "POST" "https://www.google.com/recaptcha/api/siteverify"
Request URL: POST /api/admin/login
IP Address: ::1
Correlation ID: 0HNN64B21T36N:00000001

2026-07-20 11:22:07 [INFO]
ClientHandler()
Sending HTTP request "POST" "https://www.google.com/recaptcha/api/siteverify"
Request URL: POST /api/admin/login
IP Address: ::1
Correlation ID: 0HNN64B21T36N:00000001

2026-07-20 11:22:07 [INFO]
ClientHandler()
Received HTTP response headers after 109.7624ms - 200
Request URL: POST /api/admin/login
IP Address: ::1
Correlation ID: 0HNN64B21T36N:00000001

2026-07-20 11:22:07 [INFO]
LogicalHandler()
End processing HTTP request after 111.4593ms - 200
Request URL: POST /api/admin/login
IP Address: ::1
Correlation ID: 0HNN64B21T36N:00000001

2026-07-20 11:22:10 [INFO]
LogicalHandler()
Start processing HTTP request "POST" "https://www.google.com/recaptcha/api/siteverify"
Request URL: POST /api/admin/login
IP Address: ::1
Correlation ID: 0HNN64B21T36O:00000001

2026-07-20 11:22:10 [INFO]
ClientHandler()
Sending HTTP request "POST" "https://www.google.com/recaptcha/api/siteverify"
Request URL: POST /api/admin/login
IP Address: ::1
Correlation ID: 0HNN64B21T36O:00000001

2026-07-20 11:22:10 [INFO]
ClientHandler()
Received HTTP response headers after 112.1437ms - 200
Request URL: POST /api/admin/login
IP Address: ::1
Correlation ID: 0HNN64B21T36O:00000001

2026-07-20 11:22:10 [INFO]
LogicalHandler()
End processing HTTP request after 113.116ms - 200
Request URL: POST /api/admin/login
IP Address: ::1
Correlation ID: 0HNN64B21T36O:00000001

2026-07-20 11:22:12 [WARN]
Query()
The query uses the 'First'/'FirstOrDefault' operator without 'OrderBy' and filter operators. This may lead to unpredictable results.
Request URL: GET /api/admin/enquiry-management/stats
IP Address: ::1
Correlation ID: 0HNN64B21T36T:00000001

2026-07-20 11:22:13 [WARN]
Query()
The query uses the 'First'/'FirstOrDefault' operator without 'OrderBy' and filter operators. This may lead to unpredictable results.
Request URL: GET /api/admin/credit-repair/stats
IP Address: ::1
Correlation ID: 0HNN64B21T36U:00000001

2026-07-20 11:29:13 [WARN]
Query()
Compiling a query which loads related collections for more than one collection navigation, either via 'Include' or through projection, but no 'QuerySplittingBehavior' has been configured. By default, Entity Framework will use 'QuerySplittingBehavior.SingleQuery', which can potentially result in slow query performance. See https://go.microsoft.com/fwlink/?linkid=2134277 for more information. To identify the query that's triggering this warning call 'ConfigureWarnings(w => w.Throw(RelationalEventId.MultipleCollectionIncludeWarning))'.
Request URL: GET /api/events/bll-psu-sme-access-summit-2026
IP Address: ::1
Correlation ID: 0HNN64B21T376:00000001

2026-07-20 11:43:16 [ERROR]
ExceptionHandlerMiddleware()
An unhandled exception has occurred while executing the request.
Request URL: GET /api/schemes?featured=true&page=1&pageSize=6
IP Address: ::1
Correlation ID: 0HNN64B21T37N:00000001
Exception:
System.IO.FileNotFoundException: Could not find file 'D:\MBM\backend\wwwroot\index.html'.
File name: 'D:\MBM\backend\wwwroot\index.html'
   at System.IO.FileInfo.get_Length()
   at Microsoft.AspNetCore.Http.SendFileFallback.SendFileAsync(Stream destination, String filePath, Int64 offset, Nullable`1 count, CancellationToken cancellationToken)
   at Microsoft.AspNetCore.Http.SendFileResponseExtensions.SendFileAsyncCore(HttpResponse response, String fileName, Int64 offset, Nullable`1 count, CancellationToken cancellationToken)
   at Program.<>c__DisplayClass0_0.<<<Main>$>b__15>d.MoveNext() in D:\MBM\backend\Program.cs:line 322
--- End of stack trace from previous location ---
   at Microsoft.AspNetCore.Authorization.AuthorizationMiddleware.Invoke(HttpContext context)
   at Microsoft.AspNetCore.Authentication.AuthenticationMiddleware.Invoke(HttpContext context)
   at Microsoft.AspNetCore.Diagnostics.ExceptionHandlerMiddlewareImpl.<Invoke>g__Awaited|10_0(ExceptionHandlerMiddlewareImpl middleware, HttpContext context, Task task)

2026-07-20 11:43:19 [ERROR]
ApiExceptionLogService()
API error 404 "GET" "/api/schemes?featured=true&page=1&pageSize=6" UserId=null IP="::1" Operation=null UserMessage="The requested file is not available."
Request URL: GET /api/schemes?featured=true&page=1&pageSize=6
IP Address: ::1
Correlation ID: 0HNN64B21T37N:00000001
Exception:
System.IO.FileNotFoundException: Could not find file 'D:\MBM\backend\wwwroot\index.html'.
File name: 'D:\MBM\backend\wwwroot\index.html'
   at System.IO.FileInfo.get_Length()
   at Microsoft.AspNetCore.Http.SendFileFallback.SendFileAsync(Stream destination, String filePath, Int64 offset, Nullable`1 count, CancellationToken cancellationToken)
   at Microsoft.AspNetCore.Http.SendFileResponseExtensions.SendFileAsyncCore(HttpResponse response, String fileName, Int64 offset, Nullable`1 count, CancellationToken cancellationToken)
   at Program.<>c__DisplayClass0_0.<<<Main>$>b__15>d.MoveNext() in D:\MBM\backend\Program.cs:line 322
--- End of stack trace from previous location ---
   at Microsoft.AspNetCore.Authorization.AuthorizationMiddleware.Invoke(HttpContext context)
   at Microsoft.AspNetCore.Authentication.AuthenticationMiddleware.Invoke(HttpContext context)
   at Microsoft.AspNetCore.Diagnostics.ExceptionHandlerMiddlewareImpl.<Invoke>g__Awaited|10_0(ExceptionHandlerMiddlewareImpl middleware, HttpContext context, Task task)

2026-07-20 11:43:35 [ERROR]
ExceptionHandlerMiddleware()
An unhandled exception has occurred while executing the request.
Request URL: GET /api/schemes?featured=true&page=1&pageSize=6
IP Address: ::1
Correlation ID: 0HNN64B21T37P:00000001
Exception:
System.IO.FileNotFoundException: Could not find file 'D:\MBM\backend\wwwroot\index.html'.
File name: 'D:\MBM\backend\wwwroot\index.html'
   at System.IO.FileInfo.get_Length()
   at Microsoft.AspNetCore.Http.SendFileFallback.SendFileAsync(Stream destination, String filePath, Int64 offset, Nullable`1 count, CancellationToken cancellationToken)
   at Microsoft.AspNetCore.Http.SendFileResponseExtensions.SendFileAsyncCore(HttpResponse response, String fileName, Int64 offset, Nullable`1 count, CancellationToken cancellationToken)
   at Program.<>c__DisplayClass0_0.<<<Main>$>b__15>d.MoveNext() in D:\MBM\backend\Program.cs:line 322
--- End of stack trace from previous location ---
   at Microsoft.AspNetCore.Authorization.AuthorizationMiddleware.Invoke(HttpContext context)
   at Microsoft.AspNetCore.Authentication.AuthenticationMiddleware.Invoke(HttpContext context)
   at Microsoft.AspNetCore.Diagnostics.ExceptionHandlerMiddlewareImpl.<Invoke>g__Awaited|10_0(ExceptionHandlerMiddlewareImpl middleware, HttpContext context, Task task)

2026-07-20 11:43:35 [ERROR]
ApiExceptionLogService()
API error 404 "GET" "/api/schemes?featured=true&page=1&pageSize=6" UserId=null IP="::1" Operation=null UserMessage="The requested file is not available."
Request URL: GET /api/schemes?featured=true&page=1&pageSize=6
IP Address: ::1
Correlation ID: 0HNN64B21T37P:00000001
Exception:
System.IO.FileNotFoundException: Could not find file 'D:\MBM\backend\wwwroot\index.html'.
File name: 'D:\MBM\backend\wwwroot\index.html'
   at System.IO.FileInfo.get_Length()
   at Microsoft.AspNetCore.Http.SendFileFallback.SendFileAsync(Stream destination, String filePath, Int64 offset, Nullable`1 count, CancellationToken cancellationToken)
   at Microsoft.AspNetCore.Http.SendFileResponseExtensions.SendFileAsyncCore(HttpResponse response, String fileName, Int64 offset, Nullable`1 count, CancellationToken cancellationToken)
   at Program.<>c__DisplayClass0_0.<<<Main>$>b__15>d.MoveNext() in D:\MBM\backend\Program.cs:line 322
--- End of stack trace from previous location ---
   at Microsoft.AspNetCore.Authorization.AuthorizationMiddleware.Invoke(HttpContext context)
   at Microsoft.AspNetCore.Authentication.AuthenticationMiddleware.Invoke(HttpContext context)
   at Microsoft.AspNetCore.Diagnostics.ExceptionHandlerMiddlewareImpl.<Invoke>g__Awaited|10_0(ExceptionHandlerMiddlewareImpl middleware, HttpContext context, Task task)

2026-07-20 11:46:30 [ERROR]
ExceptionHandlerMiddleware()
An unhandled exception has occurred while executing the request.
Request URL: GET /api/schemes?featured=true&page=1&pageSize=6
IP Address: ::1
Correlation ID: 0HNN64B21T37R:00000001
Exception:
System.IO.FileNotFoundException: Could not find file 'D:\MBM\backend\wwwroot\index.html'.
File name: 'D:\MBM\backend\wwwroot\index.html'
   at System.IO.FileInfo.get_Length()
   at Microsoft.AspNetCore.Http.SendFileFallback.SendFileAsync(Stream destination, String filePath, Int64 offset, Nullable`1 count, CancellationToken cancellationToken)
   at Microsoft.AspNetCore.Http.SendFileResponseExtensions.SendFileAsyncCore(HttpResponse response, String fileName, Int64 offset, Nullable`1 count, CancellationToken cancellationToken)
   at Program.<>c__DisplayClass0_0.<<<Main>$>b__15>d.MoveNext() in D:\MBM\backend\Program.cs:line 322
--- End of stack trace from previous location ---
   at Microsoft.AspNetCore.Authorization.AuthorizationMiddleware.Invoke(HttpContext context)
   at Microsoft.AspNetCore.Authentication.AuthenticationMiddleware.Invoke(HttpContext context)
   at Microsoft.AspNetCore.Diagnostics.ExceptionHandlerMiddlewareImpl.<Invoke>g__Awaited|10_0(ExceptionHandlerMiddlewareImpl middleware, HttpContext context, Task task)

2026-07-20 11:46:30 [ERROR]
ApiExceptionLogService()
API error 404 "GET" "/api/schemes?featured=true&page=1&pageSize=6" UserId=null IP="::1" Operation=null UserMessage="The requested file is not available."
Request URL: GET /api/schemes?featured=true&page=1&pageSize=6
IP Address: ::1
Correlation ID: 0HNN64B21T37R:00000001
Exception:
System.IO.FileNotFoundException: Could not find file 'D:\MBM\backend\wwwroot\index.html'.
File name: 'D:\MBM\backend\wwwroot\index.html'
   at System.IO.FileInfo.get_Length()
   at Microsoft.AspNetCore.Http.SendFileFallback.SendFileAsync(Stream destination, String filePath, Int64 offset, Nullable`1 count, CancellationToken cancellationToken)
   at Microsoft.AspNetCore.Http.SendFileResponseExtensions.SendFileAsyncCore(HttpResponse response, String fileName, Int64 offset, Nullable`1 count, CancellationToken cancellationToken)
   at Program.<>c__DisplayClass0_0.<<<Main>$>b__15>d.MoveNext() in D:\MBM\backend\Program.cs:line 322
--- End of stack trace from previous location ---
   at Microsoft.AspNetCore.Authorization.AuthorizationMiddleware.Invoke(HttpContext context)
   at Microsoft.AspNetCore.Authentication.AuthenticationMiddleware.Invoke(HttpContext context)
   at Microsoft.AspNetCore.Diagnostics.ExceptionHandlerMiddlewareImpl.<Invoke>g__Awaited|10_0(ExceptionHandlerMiddlewareImpl middleware, HttpContext context, Task task)

2026-07-20 11:46:33 [ERROR]
ExceptionHandlerMiddleware()
An unhandled exception has occurred while executing the request.
Request URL: GET /api/schemes?featured=true&page=1&pageSize=6
IP Address: ::1
Correlation ID: 0HNN64B21T37S:00000001
Exception:
System.IO.FileNotFoundException: Could not find file 'D:\MBM\backend\wwwroot\index.html'.
File name: 'D:\MBM\backend\wwwroot\index.html'
   at System.IO.FileInfo.get_Length()
   at Microsoft.AspNetCore.Http.SendFileFallback.SendFileAsync(Stream destination, String filePath, Int64 offset, Nullable`1 count, CancellationToken cancellationToken)
   at Microsoft.AspNetCore.Http.SendFileResponseExtensions.SendFileAsyncCore(HttpResponse response, String fileName, Int64 offset, Nullable`1 count, CancellationToken cancellationToken)
   at Program.<>c__DisplayClass0_0.<<<Main>$>b__15>d.MoveNext() in D:\MBM\backend\Program.cs:line 322
--- End of stack trace from previous location ---
   at Microsoft.AspNetCore.Authorization.AuthorizationMiddleware.Invoke(HttpContext context)
   at Microsoft.AspNetCore.Authentication.AuthenticationMiddleware.Invoke(HttpContext context)
   at Microsoft.AspNetCore.Diagnostics.ExceptionHandlerMiddlewareImpl.<Invoke>g__Awaited|10_0(ExceptionHandlerMiddlewareImpl middleware, HttpContext context, Task task)

2026-07-20 11:46:33 [ERROR]
ApiExceptionLogService()
API error 404 "GET" "/api/schemes?featured=true&page=1&pageSize=6" UserId=null IP="::1" Operation=null UserMessage="The requested file is not available."
Request URL: GET /api/schemes?featured=true&page=1&pageSize=6
IP Address: ::1
Correlation ID: 0HNN64B21T37S:00000001
Exception:
System.IO.FileNotFoundException: Could not find file 'D:\MBM\backend\wwwroot\index.html'.
File name: 'D:\MBM\backend\wwwroot\index.html'
   at System.IO.FileInfo.get_Length()
   at Microsoft.AspNetCore.Http.SendFileFallback.SendFileAsync(Stream destination, String filePath, Int64 offset, Nullable`1 count, CancellationToken cancellationToken)
   at Microsoft.AspNetCore.Http.SendFileResponseExtensions.SendFileAsyncCore(HttpResponse response, String fileName, Int64 offset, Nullable`1 count, CancellationToken cancellationToken)
   at Program.<>c__DisplayClass0_0.<<<Main>$>b__15>d.MoveNext() in D:\MBM\backend\Program.cs:line 322
--- End of stack trace from previous location ---
   at Microsoft.AspNetCore.Authorization.AuthorizationMiddleware.Invoke(HttpContext context)
   at Microsoft.AspNetCore.Authentication.AuthenticationMiddleware.Invoke(HttpContext context)
   at Microsoft.AspNetCore.Diagnostics.ExceptionHandlerMiddlewareImpl.<Invoke>g__Awaited|10_0(ExceptionHandlerMiddlewareImpl middleware, HttpContext context, Task task)

2026-07-20 11:46:47 [ERROR]
ExceptionHandlerMiddleware()
An unhandled exception has occurred while executing the request.
Request URL: GET /api/schemes?featured=true&page=1&pageSize=6
IP Address: ::1
Correlation ID: 0HNN64B21T37V:00000001
Exception:
System.IO.FileNotFoundException: Could not find file 'D:\MBM\backend\wwwroot\index.html'.
File name: 'D:\MBM\backend\wwwroot\index.html'
   at System.IO.FileInfo.get_Length()
   at Microsoft.AspNetCore.Http.SendFileFallback.SendFileAsync(Stream destination, String filePath, Int64 offset, Nullable`1 count, CancellationToken cancellationToken)
   at Microsoft.AspNetCore.Http.SendFileResponseExtensions.SendFileAsyncCore(HttpResponse response, String fileName, Int64 offset, Nullable`1 count, CancellationToken cancellationToken)
   at Program.<>c__DisplayClass0_0.<<<Main>$>b__15>d.MoveNext() in D:\MBM\backend\Program.cs:line 322
--- End of stack trace from previous location ---
   at Microsoft.AspNetCore.Authorization.AuthorizationMiddleware.Invoke(HttpContext context)
   at Microsoft.AspNetCore.Authentication.AuthenticationMiddleware.Invoke(HttpContext context)
   at Microsoft.AspNetCore.Diagnostics.ExceptionHandlerMiddlewareImpl.<Invoke>g__Awaited|10_0(ExceptionHandlerMiddlewareImpl middleware, HttpContext context, Task task)

2026-07-20 11:46:47 [ERROR]
ApiExceptionLogService()
API error 404 "GET" "/api/schemes?featured=true&page=1&pageSize=6" UserId=null IP="::1" Operation=null UserMessage="The requested file is not available."
Request URL: GET /api/schemes?featured=true&page=1&pageSize=6
IP Address: ::1
Correlation ID: 0HNN64B21T37V:00000001
Exception:
System.IO.FileNotFoundException: Could not find file 'D:\MBM\backend\wwwroot\index.html'.
File name: 'D:\MBM\backend\wwwroot\index.html'
   at System.IO.FileInfo.get_Length()
   at Microsoft.AspNetCore.Http.SendFileFallback.SendFileAsync(Stream destination, String filePath, Int64 offset, Nullable`1 count, CancellationToken cancellationToken)
   at Microsoft.AspNetCore.Http.SendFileResponseExtensions.SendFileAsyncCore(HttpResponse response, String fileName, Int64 offset, Nullable`1 count, CancellationToken cancellationToken)
   at Program.<>c__DisplayClass0_0.<<<Main>$>b__15>d.MoveNext() in D:\MBM\backend\Program.cs:line 322
--- End of stack trace from previous location ---
   at Microsoft.AspNetCore.Authorization.AuthorizationMiddleware.Invoke(HttpContext context)
   at Microsoft.AspNetCore.Authentication.AuthenticationMiddleware.Invoke(HttpContext context)
   at Microsoft.AspNetCore.Diagnostics.ExceptionHandlerMiddlewareImpl.<Invoke>g__Awaited|10_0(ExceptionHandlerMiddlewareImpl middleware, HttpContext context, Task task)

2026-07-20 11:46:51 [ERROR]
ExceptionHandlerMiddleware()
An unhandled exception has occurred while executing the request.
Request URL: GET /api/schemes?featured=true&page=1&pageSize=6
IP Address: ::1
Correlation ID: 0HNN64B21T380:00000001
Exception:
System.IO.FileNotFoundException: Could not find file 'D:\MBM\backend\wwwroot\index.html'.
File name: 'D:\MBM\backend\wwwroot\index.html'
   at System.IO.FileInfo.get_Length()
   at Microsoft.AspNetCore.Http.SendFileFallback.SendFileAsync(Stream destination, String filePath, Int64 offset, Nullable`1 count, CancellationToken cancellationToken)
   at Microsoft.AspNetCore.Http.SendFileResponseExtensions.SendFileAsyncCore(HttpResponse response, String fileName, Int64 offset, Nullable`1 count, CancellationToken cancellationToken)
   at Program.<>c__DisplayClass0_0.<<<Main>$>b__15>d.MoveNext() in D:\MBM\backend\Program.cs:line 322
--- End of stack trace from previous location ---
   at Microsoft.AspNetCore.Authorization.AuthorizationMiddleware.Invoke(HttpContext context)
   at Microsoft.AspNetCore.Authentication.AuthenticationMiddleware.Invoke(HttpContext context)
   at Microsoft.AspNetCore.Diagnostics.ExceptionHandlerMiddlewareImpl.<Invoke>g__Awaited|10_0(ExceptionHandlerMiddlewareImpl middleware, HttpContext context, Task task)

2026-07-20 11:46:51 [ERROR]
ApiExceptionLogService()
API error 404 "GET" "/api/schemes?featured=true&page=1&pageSize=6" UserId=null IP="::1" Operation=null UserMessage="The requested file is not available."
Request URL: GET /api/schemes?featured=true&page=1&pageSize=6
IP Address: ::1
Correlation ID: 0HNN64B21T380:00000001
Exception:
System.IO.FileNotFoundException: Could not find file 'D:\MBM\backend\wwwroot\index.html'.
File name: 'D:\MBM\backend\wwwroot\index.html'
   at System.IO.FileInfo.get_Length()
   at Microsoft.AspNetCore.Http.SendFileFallback.SendFileAsync(Stream destination, String filePath, Int64 offset, Nullable`1 count, CancellationToken cancellationToken)
   at Microsoft.AspNetCore.Http.SendFileResponseExtensions.SendFileAsyncCore(HttpResponse response, String fileName, Int64 offset, Nullable`1 count, CancellationToken cancellationToken)
   at Program.<>c__DisplayClass0_0.<<<Main>$>b__15>d.MoveNext() in D:\MBM\backend\Program.cs:line 322
--- End of stack trace from previous location ---
   at Microsoft.AspNetCore.Authorization.AuthorizationMiddleware.Invoke(HttpContext context)
   at Microsoft.AspNetCore.Authentication.AuthenticationMiddleware.Invoke(HttpContext context)
   at Microsoft.AspNetCore.Diagnostics.ExceptionHandlerMiddlewareImpl.<Invoke>g__Awaited|10_0(ExceptionHandlerMiddlewareImpl middleware, HttpContext context, Task task)

2026-07-20 11:47:03 [ERROR]
ExceptionHandlerMiddleware()
An unhandled exception has occurred while executing the request.
Request URL: GET /api/schemes?featured=true&page=1&pageSize=6
IP Address: ::1
Correlation ID: 0HNN64B21T383:00000001
Exception:
System.IO.FileNotFoundException: Could not find file 'D:\MBM\backend\wwwroot\index.html'.
File name: 'D:\MBM\backend\wwwroot\index.html'
   at System.IO.FileInfo.get_Length()
   at Microsoft.AspNetCore.Http.SendFileFallback.SendFileAsync(Stream destination, String filePath, Int64 offset, Nullable`1 count, CancellationToken cancellationToken)
   at Microsoft.AspNetCore.Http.SendFileResponseExtensions.SendFileAsyncCore(HttpResponse response, String fileName, Int64 offset, Nullable`1 count, CancellationToken cancellationToken)
   at Program.<>c__DisplayClass0_0.<<<Main>$>b__15>d.MoveNext() in D:\MBM\backend\Program.cs:line 322
--- End of stack trace from previous location ---
   at Microsoft.AspNetCore.Authorization.AuthorizationMiddleware.Invoke(HttpContext context)
   at Microsoft.AspNetCore.Authentication.AuthenticationMiddleware.Invoke(HttpContext context)
   at Microsoft.AspNetCore.Diagnostics.ExceptionHandlerMiddlewareImpl.<Invoke>g__Awaited|10_0(ExceptionHandlerMiddlewareImpl middleware, HttpContext context, Task task)

2026-07-20 11:47:03 [ERROR]
ApiExceptionLogService()
API error 404 "GET" "/api/schemes?featured=true&page=1&pageSize=6" UserId=null IP="::1" Operation=null UserMessage="The requested file is not available."
Request URL: GET /api/schemes?featured=true&page=1&pageSize=6
IP Address: ::1
Correlation ID: 0HNN64B21T383:00000001
Exception:
System.IO.FileNotFoundException: Could not find file 'D:\MBM\backend\wwwroot\index.html'.
File name: 'D:\MBM\backend\wwwroot\index.html'
   at System.IO.FileInfo.get_Length()
   at Microsoft.AspNetCore.Http.SendFileFallback.SendFileAsync(Stream destination, String filePath, Int64 offset, Nullable`1 count, CancellationToken cancellationToken)
   at Microsoft.AspNetCore.Http.SendFileResponseExtensions.SendFileAsyncCore(HttpResponse response, String fileName, Int64 offset, Nullable`1 count, CancellationToken cancellationToken)
   at Program.<>c__DisplayClass0_0.<<<Main>$>b__15>d.MoveNext() in D:\MBM\backend\Program.cs:line 322
--- End of stack trace from previous location ---
   at Microsoft.AspNetCore.Authorization.AuthorizationMiddleware.Invoke(HttpContext context)
   at Microsoft.AspNetCore.Authentication.AuthenticationMiddleware.Invoke(HttpContext context)
   at Microsoft.AspNetCore.Diagnostics.ExceptionHandlerMiddlewareImpl.<Invoke>g__Awaited|10_0(ExceptionHandlerMiddlewareImpl middleware, HttpContext context, Task task)

2026-07-20 11:47:07 [ERROR]
ExceptionHandlerMiddleware()
An unhandled exception has occurred while executing the request.
Request URL: GET /api/schemes?featured=true&page=1&pageSize=6
IP Address: ::1
Correlation ID: 0HNN64B21T384:00000001
Exception:
System.IO.FileNotFoundException: Could not find file 'D:\MBM\backend\wwwroot\index.html'.
File name: 'D:\MBM\backend\wwwroot\index.html'
   at System.IO.FileInfo.get_Length()
   at Microsoft.AspNetCore.Http.SendFileFallback.SendFileAsync(Stream destination, String filePath, Int64 offset, Nullable`1 count, CancellationToken cancellationToken)
   at Microsoft.AspNetCore.Http.SendFileResponseExtensions.SendFileAsyncCore(HttpResponse response, String fileName, Int64 offset, Nullable`1 count, CancellationToken cancellationToken)
   at Program.<>c__DisplayClass0_0.<<<Main>$>b__15>d.MoveNext() in D:\MBM\backend\Program.cs:line 322
--- End of stack trace from previous location ---
   at Microsoft.AspNetCore.Authorization.AuthorizationMiddleware.Invoke(HttpContext context)
   at Microsoft.AspNetCore.Authentication.AuthenticationMiddleware.Invoke(HttpContext context)
   at Microsoft.AspNetCore.Diagnostics.ExceptionHandlerMiddlewareImpl.<Invoke>g__Awaited|10_0(ExceptionHandlerMiddlewareImpl middleware, HttpContext context, Task task)

2026-07-20 11:47:07 [ERROR]
ApiExceptionLogService()
API error 404 "GET" "/api/schemes?featured=true&page=1&pageSize=6" UserId=null IP="::1" Operation=null UserMessage="The requested file is not available."
Request URL: GET /api/schemes?featured=true&page=1&pageSize=6
IP Address: ::1
Correlation ID: 0HNN64B21T384:00000001
Exception:
System.IO.FileNotFoundException: Could not find file 'D:\MBM\backend\wwwroot\index.html'.
File name: 'D:\MBM\backend\wwwroot\index.html'
   at System.IO.FileInfo.get_Length()
   at Microsoft.AspNetCore.Http.SendFileFallback.SendFileAsync(Stream destination, String filePath, Int64 offset, Nullable`1 count, CancellationToken cancellationToken)
   at Microsoft.AspNetCore.Http.SendFileResponseExtensions.SendFileAsyncCore(HttpResponse response, String fileName, Int64 offset, Nullable`1 count, CancellationToken cancellationToken)
   at Program.<>c__DisplayClass0_0.<<<Main>$>b__15>d.MoveNext() in D:\MBM\backend\Program.cs:line 322
--- End of stack trace from previous location ---
   at Microsoft.AspNetCore.Authorization.AuthorizationMiddleware.Invoke(HttpContext context)
   at Microsoft.AspNetCore.Authentication.AuthenticationMiddleware.Invoke(HttpContext context)
   at Microsoft.AspNetCore.Diagnostics.ExceptionHandlerMiddlewareImpl.<Invoke>g__Awaited|10_0(ExceptionHandlerMiddlewareImpl middleware, HttpContext context, Task task)

2026-07-20 11:47:17 [ERROR]
ExceptionHandlerMiddleware()
An unhandled exception has occurred while executing the request.
Request URL: GET /api/schemes?featured=true&page=1&pageSize=6
IP Address: ::1
Correlation ID: 0HNN64B21T387:00000001
Exception:
System.IO.FileNotFoundException: Could not find file 'D:\MBM\backend\wwwroot\index.html'.
File name: 'D:\MBM\backend\wwwroot\index.html'
   at System.IO.FileInfo.get_Length()
   at Microsoft.AspNetCore.Http.SendFileFallback.SendFileAsync(Stream destination, String filePath, Int64 offset, Nullable`1 count, CancellationToken cancellationToken)
   at Microsoft.AspNetCore.Http.SendFileResponseExtensions.SendFileAsyncCore(HttpResponse response, String fileName, Int64 offset, Nullable`1 count, CancellationToken cancellationToken)
   at Program.<>c__DisplayClass0_0.<<<Main>$>b__15>d.MoveNext() in D:\MBM\backend\Program.cs:line 322
--- End of stack trace from previous location ---
   at Microsoft.AspNetCore.Authorization.AuthorizationMiddleware.Invoke(HttpContext context)
   at Microsoft.AspNetCore.Authentication.AuthenticationMiddleware.Invoke(HttpContext context)
   at Microsoft.AspNetCore.Diagnostics.ExceptionHandlerMiddlewareImpl.<Invoke>g__Awaited|10_0(ExceptionHandlerMiddlewareImpl middleware, HttpContext context, Task task)

2026-07-20 11:47:17 [ERROR]
ApiExceptionLogService()
API error 404 "GET" "/api/schemes?featured=true&page=1&pageSize=6" UserId=null IP="::1" Operation=null UserMessage="The requested file is not available."
Request URL: GET /api/schemes?featured=true&page=1&pageSize=6
IP Address: ::1
Correlation ID: 0HNN64B21T387:00000001
Exception:
System.IO.FileNotFoundException: Could not find file 'D:\MBM\backend\wwwroot\index.html'.
File name: 'D:\MBM\backend\wwwroot\index.html'
   at System.IO.FileInfo.get_Length()
   at Microsoft.AspNetCore.Http.SendFileFallback.SendFileAsync(Stream destination, String filePath, Int64 offset, Nullable`1 count, CancellationToken cancellationToken)
   at Microsoft.AspNetCore.Http.SendFileResponseExtensions.SendFileAsyncCore(HttpResponse response, String fileName, Int64 offset, Nullable`1 count, CancellationToken cancellationToken)
   at Program.<>c__DisplayClass0_0.<<<Main>$>b__15>d.MoveNext() in D:\MBM\backend\Program.cs:line 322
--- End of stack trace from previous location ---
   at Microsoft.AspNetCore.Authorization.AuthorizationMiddleware.Invoke(HttpContext context)
   at Microsoft.AspNetCore.Authentication.AuthenticationMiddleware.Invoke(HttpContext context)
   at Microsoft.AspNetCore.Diagnostics.ExceptionHandlerMiddlewareImpl.<Invoke>g__Awaited|10_0(ExceptionHandlerMiddlewareImpl middleware, HttpContext context, Task task)

2026-07-20 11:47:19 [ERROR]
ExceptionHandlerMiddleware()
An unhandled exception has occurred while executing the request.
Request URL: GET /api/schemes?featured=true&page=1&pageSize=6
IP Address: ::1
Correlation ID: 0HNN64B21T389:00000001
Exception:
System.IO.FileNotFoundException: Could not find file 'D:\MBM\backend\wwwroot\index.html'.
File name: 'D:\MBM\backend\wwwroot\index.html'
   at System.IO.FileInfo.get_Length()
   at Microsoft.AspNetCore.Http.SendFileFallback.SendFileAsync(Stream destination, String filePath, Int64 offset, Nullable`1 count, CancellationToken cancellationToken)
   at Microsoft.AspNetCore.Http.SendFileResponseExtensions.SendFileAsyncCore(HttpResponse response, String fileName, Int64 offset, Nullable`1 count, CancellationToken cancellationToken)
   at Program.<>c__DisplayClass0_0.<<<Main>$>b__15>d.MoveNext() in D:\MBM\backend\Program.cs:line 322
--- End of stack trace from previous location ---
   at Microsoft.AspNetCore.Authorization.AuthorizationMiddleware.Invoke(HttpContext context)
   at Microsoft.AspNetCore.Authentication.AuthenticationMiddleware.Invoke(HttpContext context)
   at Microsoft.AspNetCore.Diagnostics.ExceptionHandlerMiddlewareImpl.<Invoke>g__Awaited|10_0(ExceptionHandlerMiddlewareImpl middleware, HttpContext context, Task task)

2026-07-20 11:47:19 [ERROR]
ApiExceptionLogService()
API error 404 "GET" "/api/schemes?featured=true&page=1&pageSize=6" UserId=null IP="::1" Operation=null UserMessage="The requested file is not available."
Request URL: GET /api/schemes?featured=true&page=1&pageSize=6
IP Address: ::1
Correlation ID: 0HNN64B21T389:00000001
Exception:
System.IO.FileNotFoundException: Could not find file 'D:\MBM\backend\wwwroot\index.html'.
File name: 'D:\MBM\backend\wwwroot\index.html'
   at System.IO.FileInfo.get_Length()
   at Microsoft.AspNetCore.Http.SendFileFallback.SendFileAsync(Stream destination, String filePath, Int64 offset, Nullable`1 count, CancellationToken cancellationToken)
   at Microsoft.AspNetCore.Http.SendFileResponseExtensions.SendFileAsyncCore(HttpResponse response, String fileName, Int64 offset, Nullable`1 count, CancellationToken cancellationToken)
   at Program.<>c__DisplayClass0_0.<<<Main>$>b__15>d.MoveNext() in D:\MBM\backend\Program.cs:line 322
--- End of stack trace from previous location ---
   at Microsoft.AspNetCore.Authorization.AuthorizationMiddleware.Invoke(HttpContext context)
   at Microsoft.AspNetCore.Authentication.AuthenticationMiddleware.Invoke(HttpContext context)
   at Microsoft.AspNetCore.Diagnostics.ExceptionHandlerMiddlewareImpl.<Invoke>g__Awaited|10_0(ExceptionHandlerMiddlewareImpl middleware, HttpContext context, Task task)

2026-07-20 11:50:08 [INFO]
mbm-api()
MBM API started Environment="Development" Urls="" LogFolder="Logs"

2026-07-20 11:50:12 [INFO]
AdminSeederHostedService()
Superadmin already exists ("superadmin@msmebharatmanch.com").

2026-07-20 11:50:13 [INFO]
BlogInitializerService()
Blogs table verified.

2026-07-20 11:50:13 [INFO]
BlogInitializerService()
BlogCategories table verified.

2026-07-20 11:50:13 [INFO]
BlogInitializerService()
BlogBadges table verified.

2026-07-20 11:50:13 [INFO]
SmtpWarmupHostedService()
SMTP warmup starting.

2026-07-20 11:50:14 [INFO]
SmtpEmailSender()
SMTP warmup DNS resolved Host="smtpout.secureserver.net" AddressCount=1 ElapsedMs=525

2026-07-20 11:50:14 [INFO]
SmtpEmailSender()
SMTP warmup TCP connected Host="smtpout.secureserver.net" Port=587 ElapsedMs=735

2026-07-20 11:50:14 [INFO]
SmtpWarmupHostedService()
SMTP warmup finished.

2026-07-20 11:52:02 [INFO]
LogicalHandler()
Start processing HTTP request "POST" "https://www.google.com/recaptcha/api/siteverify"
Request URL: POST /api/admin/login
IP Address: ::1
Correlation ID: 0HNN64RQUAQKG:00000001

2026-07-20 11:52:02 [INFO]
ClientHandler()
Sending HTTP request "POST" "https://www.google.com/recaptcha/api/siteverify"
Request URL: POST /api/admin/login
IP Address: ::1
Correlation ID: 0HNN64RQUAQKG:00000001

2026-07-20 11:52:02 [INFO]
ClientHandler()
Received HTTP response headers after 209.9948ms - 200
Request URL: POST /api/admin/login
IP Address: ::1
Correlation ID: 0HNN64RQUAQKG:00000001

2026-07-20 11:52:02 [INFO]
LogicalHandler()
End processing HTTP request after 231.655ms - 200
Request URL: POST /api/admin/login
IP Address: ::1
Correlation ID: 0HNN64RQUAQKG:00000001

2026-07-20 11:52:04 [WARN]
Query()
The query uses the 'First'/'FirstOrDefault' operator without 'OrderBy' and filter operators. This may lead to unpredictable results.
Request URL: GET /api/admin/enquiry-management/stats
IP Address: ::1
Correlation ID: 0HNN64RQUAQKL:00000001

2026-07-20 11:52:04 [WARN]
Query()
The query uses the 'First'/'FirstOrDefault' operator without 'OrderBy' and filter operators. This may lead to unpredictable results.
Request URL: GET /api/admin/credit-repair/stats
IP Address: ::1
Correlation ID: 0HNN64RQUAQKM:00000001

2026-07-20 11:52:49 [WARN]
Query()
Compiling a query which loads related collections for more than one collection navigation, either via 'Include' or through projection, but no 'QuerySplittingBehavior' has been configured. By default, Entity Framework will use 'QuerySplittingBehavior.SingleQuery', which can potentially result in slow query performance. See https://go.microsoft.com/fwlink/?linkid=2134277 for more information. To identify the query that's triggering this warning call 'ConfigureWarnings(w => w.Throw(RelationalEventId.MultipleCollectionIncludeWarning))'.
Request URL: GET /api/schemes/pmegp
IP Address: ::1
Correlation ID: 0HNN64RQUAQKT:00000001

2026-07-20 11:57:36 [INFO]
LogicalHandler()
Start processing HTTP request "POST" "https://www.google.com/recaptcha/api/siteverify"
Request URL: POST /api/admin/login
IP Address: ::1
Correlation ID: 0HNN64RQUAQLP:00000001

2026-07-20 11:57:36 [INFO]
ClientHandler()
Sending HTTP request "POST" "https://www.google.com/recaptcha/api/siteverify"
Request URL: POST /api/admin/login
IP Address: ::1
Correlation ID: 0HNN64RQUAQLP:00000001

2026-07-20 11:57:36 [INFO]
ClientHandler()
Received HTTP response headers after 201.9726ms - 200
Request URL: POST /api/admin/login
IP Address: ::1
Correlation ID: 0HNN64RQUAQLP:00000001

2026-07-20 11:57:36 [INFO]
LogicalHandler()
End processing HTTP request after 203.0973ms - 200
Request URL: POST /api/admin/login
IP Address: ::1
Correlation ID: 0HNN64RQUAQLP:00000001

2026-07-20 12:03:07 [WARN]
Query()
Compiling a query which loads related collections for more than one collection navigation, either via 'Include' or through projection, but no 'QuerySplittingBehavior' has been configured. By default, Entity Framework will use 'QuerySplittingBehavior.SingleQuery', which can potentially result in slow query performance. See https://go.microsoft.com/fwlink/?linkid=2134277 for more information. To identify the query that's triggering this warning call 'ConfigureWarnings(w => w.Throw(RelationalEventId.MultipleCollectionIncludeWarning))'.
Request URL: GET /api/schemes/admin/1
IP Address: ::1
Correlation ID: 0HNN64RQUAQM7:00000001

2026-07-20 12:35:38 [INFO]
mbm-api()
MBM API started Environment="Development" Urls="" LogFolder="Logs"

2026-07-20 12:35:42 [INFO]
AdminSeederHostedService()
Superadmin already exists ("superadmin@msmebharatmanch.com").

2026-07-20 12:35:42 [INFO]
BlogInitializerService()
Blogs table verified.

2026-07-20 12:35:42 [INFO]
BlogInitializerService()
BlogCategories table verified.

2026-07-20 12:35:42 [INFO]
BlogInitializerService()
BlogBadges table verified.

2026-07-20 12:35:43 [INFO]
SmtpWarmupHostedService()
SMTP warmup starting.

2026-07-20 12:35:43 [INFO]
SmtpEmailSender()
SMTP warmup DNS resolved Host="smtpout.secureserver.net" AddressCount=1 ElapsedMs=175

2026-07-20 12:35:43 [INFO]
SmtpEmailSender()
SMTP warmup TCP connected Host="smtpout.secureserver.net" Port=587 ElapsedMs=366

2026-07-20 12:35:43 [INFO]
SmtpWarmupHostedService()
SMTP warmup finished.

2026-07-20 12:36:09 [WARN]
Query()
Compiling a query which loads related collections for more than one collection navigation, either via 'Include' or through projection, but no 'QuerySplittingBehavior' has been configured. By default, Entity Framework will use 'QuerySplittingBehavior.SingleQuery', which can potentially result in slow query performance. See https://go.microsoft.com/fwlink/?linkid=2134277 for more information. To identify the query that's triggering this warning call 'ConfigureWarnings(w => w.Throw(RelationalEventId.MultipleCollectionIncludeWarning))'.
Request URL: GET /api/schemes/admin/1
IP Address: ::1
Correlation ID: 0HNN65L8AJCF9:00000001

2026-07-20 12:50:05 [INFO]
LogicalHandler()
Start processing HTTP request "POST" "https://www.google.com/recaptcha/api/siteverify"
Request URL: POST /api/admin/login
IP Address: ::1
Correlation ID: 0HNN65L8AJCFI:00000001

2026-07-20 12:50:05 [INFO]
ClientHandler()
Sending HTTP request "POST" "https://www.google.com/recaptcha/api/siteverify"
Request URL: POST /api/admin/login
IP Address: ::1
Correlation ID: 0HNN65L8AJCFI:00000001

2026-07-20 12:50:06 [INFO]
ClientHandler()
Received HTTP response headers after 251.4482ms - 200
Request URL: POST /api/admin/login
IP Address: ::1
Correlation ID: 0HNN65L8AJCFI:00000001

2026-07-20 12:50:06 [INFO]
LogicalHandler()
End processing HTTP request after 265.1668ms - 200
Request URL: POST /api/admin/login
IP Address: ::1
Correlation ID: 0HNN65L8AJCFI:00000001

2026-07-20 12:50:07 [WARN]
Query()
The query uses the 'First'/'FirstOrDefault' operator without 'OrderBy' and filter operators. This may lead to unpredictable results.
Request URL: GET /api/admin/enquiry-management/stats
IP Address: ::1
Correlation ID: 0HNN65L8AJCFN:00000001

2026-07-20 12:50:07 [WARN]
Query()
The query uses the 'First'/'FirstOrDefault' operator without 'OrderBy' and filter operators. This may lead to unpredictable results.
Request URL: GET /api/admin/credit-repair/stats
IP Address: ::1
Correlation ID: 0HNN65L8AJCFO:00000001

2026-07-20 12:50:17 [WARN]
Query()
Compiling a query which loads related collections for more than one collection navigation, either via 'Include' or through projection, but no 'QuerySplittingBehavior' has been configured. By default, Entity Framework will use 'QuerySplittingBehavior.SingleQuery', which can potentially result in slow query performance. See https://go.microsoft.com/fwlink/?linkid=2134277 for more information. To identify the query that's triggering this warning call 'ConfigureWarnings(w => w.Throw(RelationalEventId.MultipleCollectionIncludeWarning))'.
Request URL: GET /api/events/admin/2
IP Address: ::1
Correlation ID: 0HNN65L8AJCFT:00000001

2026-07-20 12:57:53 [ERROR]
Command()
Failed executing DbCommand ("8,057"ms) [Parameters=[""], CommandType='Text', CommandTimeout='30']"
""SELECT [e].[EventCityId], [e].[BadgeClass], [e].[CreatedAt], [e].[IsActive], [e].[Name], [e].[Slug], [e].[SortOrder], [e].[UpdatedAt]
FROM [dbo].[EventCities] AS [e]
ORDER BY [e].[SortOrder], [e].[Name]"
Request URL: GET /api/event-cities/admin
IP Address: ::1
Correlation ID: 0HNN65L8AJCG5:00000001

2026-07-20 12:57:53 [ERROR]
Command()
Failed executing DbCommand ("8,057"ms) [Parameters=[""], CommandType='Text', CommandTimeout='30']"
""SELECT [e].[EventCategoryId], [e].[CreatedAt], [e].[IconUrl], [e].[IsActive], [e].[Name], [e].[ShortDescription], [e].[ShowInFilter], [e].[Slug], [e].[SortOrder], [e].[UpdatedAt]
FROM [dbo].[EventCategories] AS [e]
ORDER BY [e].[SortOrder], [e].[Name]"
Request URL: GET /api/event-categories/admin
IP Address: ::1
Correlation ID: 0HNN65L8AJCG4:00000001

2026-07-20 12:57:53 [ERROR]
Query()
An exception occurred while iterating over the results of a query for context type '"RB_Website_API.Data.AppDbContext"'."
""Microsoft.Data.SqlClient.SqlException (0x80131904): A transport-level error has occurred when receiving results from the server. (provider: Session Provider, error: 19 - Physical connection is not usable)
   at System.Threading.Tasks.ContinuationResultTaskFromResultTask`2.InnerInvoke()
   at System.Threading.ExecutionContext.RunInternal(ExecutionContext executionContext, ContextCallback callback, Object state)
--- End of stack trace from previous location ---
   at System.Threading.ExecutionContext.RunInternal(ExecutionContext executionContext, ContextCallback callback, Object state)
   at System.Threading.Tasks.Task.ExecuteWithThreadLocal(Task& currentTaskSlot, Thread threadPoolThread)
--- End of stack trace from previous location ---
   at Microsoft.EntityFrameworkCore.Storage.RelationalCommand.ExecuteReaderAsync(RelationalCommandParameterObject parameterObject, CancellationToken cancellationToken)
   at Microsoft.EntityFrameworkCore.Storage.RelationalCommand.ExecuteReaderAsync(RelationalCommandParameterObject parameterObject, CancellationToken cancellationToken)
   at Microsoft.EntityFrameworkCore.Query.Internal.SingleQueryingEnumerable`1.AsyncEnumerator.InitializeReaderAsync(AsyncEnumerator enumerator, CancellationToken cancellationToken)
   at Microsoft.EntityFrameworkCore.SqlServer.Storage.Internal.SqlServerExecutionStrategy.ExecuteAsync[TState,TResult](TState state, Func`4 operation, Func`4 verifySucceeded, CancellationToken cancellationToken)
   at Microsoft.EntityFrameworkCore.Query.Internal.SingleQueryingEnumerable`1.AsyncEnumerator.MoveNextAsync()
ClientConnectionId:41d878e6-55ce-4e51-a8c3-b946b35a8baa
Error Number:-1,State:0,Class:20"
Request URL: GET /api/event-categories/admin
IP Address: ::1
Correlation ID: 0HNN65L8AJCG4:00000001
Exception:
Microsoft.Data.SqlClient.SqlException (0x80131904): A transport-level error has occurred when receiving results from the server. (provider: Session Provider, error: 19 - Physical connection is not usable)
   at System.Threading.Tasks.ContinuationResultTaskFromResultTask`2.InnerInvoke()
   at System.Threading.ExecutionContext.RunInternal(ExecutionContext executionContext, ContextCallback callback, Object state)
--- End of stack trace from previous location ---
   at System.Threading.ExecutionContext.RunInternal(ExecutionContext executionContext, ContextCallback callback, Object state)
   at System.Threading.Tasks.Task.ExecuteWithThreadLocal(Task& currentTaskSlot, Thread threadPoolThread)
--- End of stack trace from previous location ---
   at Microsoft.EntityFrameworkCore.Storage.RelationalCommand.ExecuteReaderAsync(RelationalCommandParameterObject parameterObject, CancellationToken cancellationToken)
   at Microsoft.EntityFrameworkCore.Storage.RelationalCommand.ExecuteReaderAsync(RelationalCommandParameterObject parameterObject, CancellationToken cancellationToken)
   at Microsoft.EntityFrameworkCore.Query.Internal.SingleQueryingEnumerable`1.AsyncEnumerator.InitializeReaderAsync(AsyncEnumerator enumerator, CancellationToken cancellationToken)
   at Microsoft.EntityFrameworkCore.SqlServer.Storage.Internal.SqlServerExecutionStrategy.ExecuteAsync[TState,TResult](TState state, Func`4 operation, Func`4 verifySucceeded, CancellationToken cancellationToken)
   at Microsoft.EntityFrameworkCore.Query.Internal.SingleQueryingEnumerable`1.AsyncEnumerator.MoveNextAsync()
ClientConnectionId:41d878e6-55ce-4e51-a8c3-b946b35a8baa
Error Number:-1,State:0,Class:20

2026-07-20 12:57:53 [ERROR]
Query()
An exception occurred while iterating over the results of a query for context type '"RB_Website_API.Data.AppDbContext"'."
""Microsoft.Data.SqlClient.SqlException (0x80131904): A transport-level error has occurred when receiving results from the server. (provider: Session Provider, error: 19 - Physical connection is not usable)
   at System.Threading.Tasks.ContinuationResultTaskFromResultTask`2.InnerInvoke()
   at System.Threading.ExecutionContext.RunInternal(ExecutionContext executionContext, ContextCallback callback, Object state)
--- End of stack trace from previous location ---
   at System.Threading.ExecutionContext.RunInternal(ExecutionContext executionContext, ContextCallback callback, Object state)
   at System.Threading.Tasks.Task.ExecuteWithThreadLocal(Task& currentTaskSlot, Thread threadPoolThread)
--- End of stack trace from previous location ---
   at Microsoft.EntityFrameworkCore.Storage.RelationalCommand.ExecuteReaderAsync(RelationalCommandParameterObject parameterObject, CancellationToken cancellationToken)
   at Microsoft.EntityFrameworkCore.Storage.RelationalCommand.ExecuteReaderAsync(RelationalCommandParameterObject parameterObject, CancellationToken cancellationToken)
   at Microsoft.EntityFrameworkCore.Query.Internal.SingleQueryingEnumerable`1.AsyncEnumerator.InitializeReaderAsync(AsyncEnumerator enumerator, CancellationToken cancellationToken)
   at Microsoft.EntityFrameworkCore.SqlServer.Storage.Internal.SqlServerExecutionStrategy.ExecuteAsync[TState,TResult](TState state, Func`4 operation, Func`4 verifySucceeded, CancellationToken cancellationToken)
   at Microsoft.EntityFrameworkCore.Query.Internal.SingleQueryingEnumerable`1.AsyncEnumerator.MoveNextAsync()
ClientConnectionId:389a6359-d701-49d5-9ffe-36aa4f25b241
Error Number:-1,State:0,Class:20"
Request URL: GET /api/event-cities/admin
IP Address: ::1
Correlation ID: 0HNN65L8AJCG5:00000001
Exception:
Microsoft.Data.SqlClient.SqlException (0x80131904): A transport-level error has occurred when receiving results from the server. (provider: Session Provider, error: 19 - Physical connection is not usable)
   at System.Threading.Tasks.ContinuationResultTaskFromResultTask`2.InnerInvoke()
   at System.Threading.ExecutionContext.RunInternal(ExecutionContext executionContext, ContextCallback callback, Object state)
--- End of stack trace from previous location ---
   at System.Threading.ExecutionContext.RunInternal(ExecutionContext executionContext, ContextCallback callback, Object state)
   at System.Threading.Tasks.Task.ExecuteWithThreadLocal(Task& currentTaskSlot, Thread threadPoolThread)
--- End of stack trace from previous location ---
   at Microsoft.EntityFrameworkCore.Storage.RelationalCommand.ExecuteReaderAsync(RelationalCommandParameterObject parameterObject, CancellationToken cancellationToken)
   at Microsoft.EntityFrameworkCore.Storage.RelationalCommand.ExecuteReaderAsync(RelationalCommandParameterObject parameterObject, CancellationToken cancellationToken)
   at Microsoft.EntityFrameworkCore.Query.Internal.SingleQueryingEnumerable`1.AsyncEnumerator.InitializeReaderAsync(AsyncEnumerator enumerator, CancellationToken cancellationToken)
   at Microsoft.EntityFrameworkCore.SqlServer.Storage.Internal.SqlServerExecutionStrategy.ExecuteAsync[TState,TResult](TState state, Func`4 operation, Func`4 verifySucceeded, CancellationToken cancellationToken)
   at Microsoft.EntityFrameworkCore.Query.Internal.SingleQueryingEnumerable`1.AsyncEnumerator.MoveNextAsync()
ClientConnectionId:389a6359-d701-49d5-9ffe-36aa4f25b241
Error Number:-1,State:0,Class:20

2026-07-20 12:57:53 [ERROR]
ExceptionHandlerMiddleware()
An unhandled exception has occurred while executing the request.
Request URL: GET /api/event-cities/admin
IP Address: ::1
Correlation ID: 0HNN65L8AJCG5:00000001
Exception:
Microsoft.Data.SqlClient.SqlException (0x80131904): A transport-level error has occurred when receiving results from the server. (provider: Session Provider, error: 19 - Physical connection is not usable)
   at System.Threading.Tasks.ContinuationResultTaskFromResultTask`2.InnerInvoke()
   at System.Threading.ExecutionContext.RunInternal(ExecutionContext executionContext, ContextCallback callback, Object state)
--- End of stack trace from previous location ---
   at System.Threading.ExecutionContext.RunInternal(ExecutionContext executionContext, ContextCallback callback, Object state)
   at System.Threading.Tasks.Task.ExecuteWithThreadLocal(Task& currentTaskSlot, Thread threadPoolThread)
--- End of stack trace from previous location ---
   at Microsoft.EntityFrameworkCore.Storage.RelationalCommand.ExecuteReaderAsync(RelationalCommandParameterObject parameterObject, CancellationToken cancellationToken)
   at Microsoft.EntityFrameworkCore.Storage.RelationalCommand.ExecuteReaderAsync(RelationalCommandParameterObject parameterObject, CancellationToken cancellationToken)
   at Microsoft.EntityFrameworkCore.Query.Internal.SingleQueryingEnumerable`1.AsyncEnumerator.InitializeReaderAsync(AsyncEnumerator enumerator, CancellationToken cancellationToken)
   at Microsoft.EntityFrameworkCore.SqlServer.Storage.Internal.SqlServerExecutionStrategy.ExecuteAsync[TState,TResult](TState state, Func`4 operation, Func`4 verifySucceeded, CancellationToken cancellationToken)
   at Microsoft.EntityFrameworkCore.Query.Internal.SingleQueryingEnumerable`1.AsyncEnumerator.MoveNextAsync()
   at Microsoft.EntityFrameworkCore.EntityFrameworkQueryableExtensions.ToListAsync[TSource](IQueryable`1 source, CancellationToken cancellationToken)
   at Microsoft.EntityFrameworkCore.EntityFrameworkQueryableExtensions.ToListAsync[TSource](IQueryable`1 source, CancellationToken cancellationToken)
   at RB_Website_API.Controllers.EventCityController.AdminList(CancellationToken ct) in D:\MBM\backend\Controllers\EventCityController.cs:line 68
   at lambda_method512(Closure, Object)
   at Microsoft.AspNetCore.Mvc.Infrastructure.ActionMethodExecutor.AwaitableObjectResultExecutor.Execute(ActionContext actionContext, IActionResultTypeMapper mapper, ObjectMethodExecutor executor, Object controller, Object[] arguments)
   at Microsoft.AspNetCore.Mvc.Infrastructure.ControllerActionInvoker.<InvokeActionMethodAsync>g__Awaited|12_0(ControllerActionInvoker invoker, ValueTask`1 actionResultValueTask)
   at Microsoft.AspNetCore.Mvc.Infrastructure.ControllerActionInvoker.<InvokeNextActionFilterAsync>g__Awaited|10_0(ControllerActionInvoker invoker, Task lastTask, State next, Scope scope, Object state, Boolean isCompleted)
   at Microsoft.AspNetCore.Mvc.Infrastructure.ControllerActionInvoker.Rethrow(ActionExecutedContextSealed context)
   at Microsoft.AspNetCore.Mvc.Infrastructure.ControllerActionInvoker.Next(State& next, Scope& scope, Object& state, Boolean& isCompleted)
   at Microsoft.AspNetCore.Mvc.Infrastructure.ControllerActionInvoker.<InvokeInnerFilterAsync>g__Awaited|13_0(ControllerActionInvoker invoker, Task lastTask, State next, Scope scope, Object state, Boolean isCompleted)
   at Microsoft.AspNetCore.Mvc.Infrastructure.ResourceInvoker.<InvokeFilterPipelineAsync>g__Awaited|20_0(ResourceInvoker invoker, Task lastTask, State next, Scope scope, Object state, Boolean isCompleted)
   at Microsoft.AspNetCore.Mvc.Infrastructure.ResourceInvoker.<InvokeAsync>g__Awaited|17_0(ResourceInvoker invoker, Task task, IDisposable scope)
   at Microsoft.AspNetCore.Mvc.Infrastructure.ResourceInvoker.<InvokeAsync>g__Awaited|17_0(ResourceInvoker invoker, Task task, IDisposable scope)
   at Microsoft.AspNetCore.Authorization.AuthorizationMiddleware.Invoke(HttpContext context)
   at Microsoft.AspNetCore.Authentication.AuthenticationMiddleware.Invoke(HttpContext context)
   at Microsoft.AspNetCore.Diagnostics.ExceptionHandlerMiddlewareImpl.<Invoke>g__Awaited|10_0(ExceptionHandlerMiddlewareImpl middleware, HttpContext context, Task task)
ClientConnectionId:389a6359-d701-49d5-9ffe-36aa4f25b241
Error Number:-1,State:0,Class:20

2026-07-20 12:57:53 [ERROR]
ExceptionHandlerMiddleware()
An unhandled exception has occurred while executing the request.
Request URL: GET /api/event-categories/admin
IP Address: ::1
Correlation ID: 0HNN65L8AJCG4:00000001
Exception:
Microsoft.Data.SqlClient.SqlException (0x80131904): A transport-level error has occurred when receiving results from the server. (provider: Session Provider, error: 19 - Physical connection is not usable)
   at System.Threading.Tasks.ContinuationResultTaskFromResultTask`2.InnerInvoke()
   at System.Threading.ExecutionContext.RunInternal(ExecutionContext executionContext, ContextCallback callback, Object state)
--- End of stack trace from previous location ---
   at System.Threading.ExecutionContext.RunInternal(ExecutionContext executionContext, ContextCallback callback, Object state)
   at System.Threading.Tasks.Task.ExecuteWithThreadLocal(Task& currentTaskSlot, Thread threadPoolThread)
--- End of stack trace from previous location ---
   at Microsoft.EntityFrameworkCore.Storage.RelationalCommand.ExecuteReaderAsync(RelationalCommandParameterObject parameterObject, CancellationToken cancellationToken)
   at Microsoft.EntityFrameworkCore.Storage.RelationalCommand.ExecuteReaderAsync(RelationalCommandParameterObject parameterObject, CancellationToken cancellationToken)
   at Microsoft.EntityFrameworkCore.Query.Internal.SingleQueryingEnumerable`1.AsyncEnumerator.InitializeReaderAsync(AsyncEnumerator enumerator, CancellationToken cancellationToken)
   at Microsoft.EntityFrameworkCore.SqlServer.Storage.Internal.SqlServerExecutionStrategy.ExecuteAsync[TState,TResult](TState state, Func`4 operation, Func`4 verifySucceeded, CancellationToken cancellationToken)
   at Microsoft.EntityFrameworkCore.Query.Internal.SingleQueryingEnumerable`1.AsyncEnumerator.MoveNextAsync()
   at Microsoft.EntityFrameworkCore.EntityFrameworkQueryableExtensions.ToListAsync[TSource](IQueryable`1 source, CancellationToken cancellationToken)
   at Microsoft.EntityFrameworkCore.EntityFrameworkQueryableExtensions.ToListAsync[TSource](IQueryable`1 source, CancellationToken cancellationToken)
   at RB_Website_API.Controllers.EventCategoryController.AdminList(CancellationToken ct) in D:\MBM\backend\Controllers\EventCategoryController.cs:line 76
   at lambda_method509(Closure, Object)
   at Microsoft.AspNetCore.Mvc.Infrastructure.ActionMethodExecutor.AwaitableObjectResultExecutor.Execute(ActionContext actionContext, IActionResultTypeMapper mapper, ObjectMethodExecutor executor, Object controller, Object[] arguments)
   at Microsoft.AspNetCore.Mvc.Infrastructure.ControllerActionInvoker.<InvokeActionMethodAsync>g__Awaited|12_0(ControllerActionInvoker invoker, ValueTask`1 actionResultValueTask)
   at Microsoft.AspNetCore.Mvc.Infrastructure.ControllerActionInvoker.<InvokeNextActionFilterAsync>g__Awaited|10_0(ControllerActionInvoker invoker, Task lastTask, State next, Scope scope, Object state, Boolean isCompleted)
   at Microsoft.AspNetCore.Mvc.Infrastructure.ControllerActionInvoker.Rethrow(ActionExecutedContextSealed context)
   at Microsoft.AspNetCore.Mvc.Infrastructure.ControllerActionInvoker.Next(State& next, Scope& scope, Object& state, Boolean& isCompleted)
   at Microsoft.AspNetCore.Mvc.Infrastructure.ControllerActionInvoker.<InvokeInnerFilterAsync>g__Awaited|13_0(ControllerActionInvoker invoker, Task lastTask, State next, Scope scope, Object state, Boolean isCompleted)
   at Microsoft.AspNetCore.Mvc.Infrastructure.ResourceInvoker.<InvokeFilterPipelineAsync>g__Awaited|20_0(ResourceInvoker invoker, Task lastTask, State next, Scope scope, Object state, Boolean isCompleted)
   at Microsoft.AspNetCore.Mvc.Infrastructure.ResourceInvoker.<InvokeAsync>g__Awaited|17_0(ResourceInvoker invoker, Task task, IDisposable scope)
   at Microsoft.AspNetCore.Mvc.Infrastructure.ResourceInvoker.<InvokeAsync>g__Awaited|17_0(ResourceInvoker invoker, Task task, IDisposable scope)
   at Microsoft.AspNetCore.Authorization.AuthorizationMiddleware.Invoke(HttpContext context)
   at Microsoft.AspNetCore.Authentication.AuthenticationMiddleware.Invoke(HttpContext context)
   at Microsoft.AspNetCore.Diagnostics.ExceptionHandlerMiddlewareImpl.<Invoke>g__Awaited|10_0(ExceptionHandlerMiddlewareImpl middleware, HttpContext context, Task task)
ClientConnectionId:41d878e6-55ce-4e51-a8c3-b946b35a8baa
Error Number:-1,State:0,Class:20

2026-07-20 12:57:53 [ERROR]
ApiExceptionLogService()
API error 500 "GET" "/api/event-cities/admin" UserId=f67b04b2-a54d-4a69-bf49-c9eb5b2268f4 IP="::1" Operation=null UserMessage="Unable to save changes. Please try again."
Request URL: GET /api/event-cities/admin
User ID: f67b04b2-a54d-4a69-bf49-c9eb5b2268f4
IP Address: ::1
Correlation ID: 0HNN65L8AJCG5:00000001
Exception:
Microsoft.Data.SqlClient.SqlException (0x80131904): A transport-level error has occurred when receiving results from the server. (provider: Session Provider, error: 19 - Physical connection is not usable)
   at System.Threading.Tasks.ContinuationResultTaskFromResultTask`2.InnerInvoke()
   at System.Threading.ExecutionContext.RunInternal(ExecutionContext executionContext, ContextCallback callback, Object state)
--- End of stack trace from previous location ---
   at System.Threading.ExecutionContext.RunInternal(ExecutionContext executionContext, ContextCallback callback, Object state)
   at System.Threading.Tasks.Task.ExecuteWithThreadLocal(Task& currentTaskSlot, Thread threadPoolThread)
--- End of stack trace from previous location ---
   at Microsoft.EntityFrameworkCore.Storage.RelationalCommand.ExecuteReaderAsync(RelationalCommandParameterObject parameterObject, CancellationToken cancellationToken)
   at Microsoft.EntityFrameworkCore.Storage.RelationalCommand.ExecuteReaderAsync(RelationalCommandParameterObject parameterObject, CancellationToken cancellationToken)
   at Microsoft.EntityFrameworkCore.Query.Internal.SingleQueryingEnumerable`1.AsyncEnumerator.InitializeReaderAsync(AsyncEnumerator enumerator, CancellationToken cancellationToken)
   at Microsoft.EntityFrameworkCore.SqlServer.Storage.Internal.SqlServerExecutionStrategy.ExecuteAsync[TState,TResult](TState state, Func`4 operation, Func`4 verifySucceeded, CancellationToken cancellationToken)
   at Microsoft.EntityFrameworkCore.Query.Internal.SingleQueryingEnumerable`1.AsyncEnumerator.MoveNextAsync()
   at Microsoft.EntityFrameworkCore.EntityFrameworkQueryableExtensions.ToListAsync[TSource](IQueryable`1 source, CancellationToken cancellationToken)
   at Microsoft.EntityFrameworkCore.EntityFrameworkQueryableExtensions.ToListAsync[TSource](IQueryable`1 source, CancellationToken cancellationToken)
   at RB_Website_API.Controllers.EventCityController.AdminList(CancellationToken ct) in D:\MBM\backend\Controllers\EventCityController.cs:line 68
   at lambda_method512(Closure, Object)
   at Microsoft.AspNetCore.Mvc.Infrastructure.ActionMethodExecutor.AwaitableObjectResultExecutor.Execute(ActionContext actionContext, IActionResultTypeMapper mapper, ObjectMethodExecutor executor, Object controller, Object[] arguments)
   at Microsoft.AspNetCore.Mvc.Infrastructure.ControllerActionInvoker.<InvokeActionMethodAsync>g__Awaited|12_0(ControllerActionInvoker invoker, ValueTask`1 actionResultValueTask)
   at Microsoft.AspNetCore.Mvc.Infrastructure.ControllerActionInvoker.<InvokeNextActionFilterAsync>g__Awaited|10_0(ControllerActionInvoker invoker, Task lastTask, State next, Scope scope, Object state, Boolean isCompleted)
   at Microsoft.AspNetCore.Mvc.Infrastructure.ControllerActionInvoker.Rethrow(ActionExecutedContextSealed context)
   at Microsoft.AspNetCore.Mvc.Infrastructure.ControllerActionInvoker.Next(State& next, Scope& scope, Object& state, Boolean& isCompleted)
   at Microsoft.AspNetCore.Mvc.Infrastructure.ControllerActionInvoker.<InvokeInnerFilterAsync>g__Awaited|13_0(ControllerActionInvoker invoker, Task lastTask, State next, Scope scope, Object state, Boolean isCompleted)
   at Microsoft.AspNetCore.Mvc.Infrastructure.ResourceInvoker.<InvokeFilterPipelineAsync>g__Awaited|20_0(ResourceInvoker invoker, Task lastTask, State next, Scope scope, Object state, Boolean isCompleted)
   at Microsoft.AspNetCore.Mvc.Infrastructure.ResourceInvoker.<InvokeAsync>g__Awaited|17_0(ResourceInvoker invoker, Task task, IDisposable scope)
   at Microsoft.AspNetCore.Mvc.Infrastructure.ResourceInvoker.<InvokeAsync>g__Awaited|17_0(ResourceInvoker invoker, Task task, IDisposable scope)
   at Microsoft.AspNetCore.Authorization.AuthorizationMiddleware.Invoke(HttpContext context)
   at Microsoft.AspNetCore.Authentication.AuthenticationMiddleware.Invoke(HttpContext context)
   at Microsoft.AspNetCore.Diagnostics.ExceptionHandlerMiddlewareImpl.<Invoke>g__Awaited|10_0(ExceptionHandlerMiddlewareImpl middleware, HttpContext context, Task task)
ClientConnectionId:389a6359-d701-49d5-9ffe-36aa4f25b241
Error Number:-1,State:0,Class:20

2026-07-20 12:57:53 [ERROR]
ApiExceptionLogService()
API error 500 "GET" "/api/event-categories/admin" UserId=f67b04b2-a54d-4a69-bf49-c9eb5b2268f4 IP="::1" Operation=null UserMessage="Unable to save changes. Please try again."
Request URL: GET /api/event-categories/admin
User ID: f67b04b2-a54d-4a69-bf49-c9eb5b2268f4
IP Address: ::1
Correlation ID: 0HNN65L8AJCG4:00000001
Exception:
Microsoft.Data.SqlClient.SqlException (0x80131904): A transport-level error has occurred when receiving results from the server. (provider: Session Provider, error: 19 - Physical connection is not usable)
   at System.Threading.Tasks.ContinuationResultTaskFromResultTask`2.InnerInvoke()
   at System.Threading.ExecutionContext.RunInternal(ExecutionContext executionContext, ContextCallback callback, Object state)
--- End of stack trace from previous location ---
   at System.Threading.ExecutionContext.RunInternal(ExecutionContext executionContext, ContextCallback callback, Object state)
   at System.Threading.Tasks.Task.ExecuteWithThreadLocal(Task& currentTaskSlot, Thread threadPoolThread)
--- End of stack trace from previous location ---
   at Microsoft.EntityFrameworkCore.Storage.RelationalCommand.ExecuteReaderAsync(RelationalCommandParameterObject parameterObject, CancellationToken cancellationToken)
   at Microsoft.EntityFrameworkCore.Storage.RelationalCommand.ExecuteReaderAsync(RelationalCommandParameterObject parameterObject, CancellationToken cancellationToken)
   at Microsoft.EntityFrameworkCore.Query.Internal.SingleQueryingEnumerable`1.AsyncEnumerator.InitializeReaderAsync(AsyncEnumerator enumerator, CancellationToken cancellationToken)
   at Microsoft.EntityFrameworkCore.SqlServer.Storage.Internal.SqlServerExecutionStrategy.ExecuteAsync[TState,TResult](TState state, Func`4 operation, Func`4 verifySucceeded, CancellationToken cancellationToken)
   at Microsoft.EntityFrameworkCore.Query.Internal.SingleQueryingEnumerable`1.AsyncEnumerator.MoveNextAsync()
   at Microsoft.EntityFrameworkCore.EntityFrameworkQueryableExtensions.ToListAsync[TSource](IQueryable`1 source, CancellationToken cancellationToken)
   at Microsoft.EntityFrameworkCore.EntityFrameworkQueryableExtensions.ToListAsync[TSource](IQueryable`1 source, CancellationToken cancellationToken)
   at RB_Website_API.Controllers.EventCategoryController.AdminList(CancellationToken ct) in D:\MBM\backend\Controllers\EventCategoryController.cs:line 76
   at lambda_method509(Closure, Object)
   at Microsoft.AspNetCore.Mvc.Infrastructure.ActionMethodExecutor.AwaitableObjectResultExecutor.Execute(ActionContext actionContext, IActionResultTypeMapper mapper, ObjectMethodExecutor executor, Object controller, Object[] arguments)
   at Microsoft.AspNetCore.Mvc.Infrastructure.ControllerActionInvoker.<InvokeActionMethodAsync>g__Awaited|12_0(ControllerActionInvoker invoker, ValueTask`1 actionResultValueTask)
   at Microsoft.AspNetCore.Mvc.Infrastructure.ControllerActionInvoker.<InvokeNextActionFilterAsync>g__Awaited|10_0(ControllerActionInvoker invoker, Task lastTask, State next, Scope scope, Object state, Boolean isCompleted)
   at Microsoft.AspNetCore.Mvc.Infrastructure.ControllerActionInvoker.Rethrow(ActionExecutedContextSealed context)
   at Microsoft.AspNetCore.Mvc.Infrastructure.ControllerActionInvoker.Next(State& next, Scope& scope, Object& state, Boolean& isCompleted)
   at Microsoft.AspNetCore.Mvc.Infrastructure.ControllerActionInvoker.<InvokeInnerFilterAsync>g__Awaited|13_0(ControllerActionInvoker invoker, Task lastTask, State next, Scope scope, Object state, Boolean isCompleted)
   at Microsoft.AspNetCore.Mvc.Infrastructure.ResourceInvoker.<InvokeFilterPipelineAsync>g__Awaited|20_0(ResourceInvoker invoker, Task lastTask, State next, Scope scope, Object state, Boolean isCompleted)
   at Microsoft.AspNetCore.Mvc.Infrastructure.ResourceInvoker.<InvokeAsync>g__Awaited|17_0(ResourceInvoker invoker, Task task, IDisposable scope)
   at Microsoft.AspNetCore.Mvc.Infrastructure.ResourceInvoker.<InvokeAsync>g__Awaited|17_0(ResourceInvoker invoker, Task task, IDisposable scope)
   at Microsoft.AspNetCore.Authorization.AuthorizationMiddleware.Invoke(HttpContext context)
   at Microsoft.AspNetCore.Authentication.AuthenticationMiddleware.Invoke(HttpContext context)
   at Microsoft.AspNetCore.Diagnostics.ExceptionHandlerMiddlewareImpl.<Invoke>g__Awaited|10_0(ExceptionHandlerMiddlewareImpl middleware, HttpContext context, Task task)
ClientConnectionId:41d878e6-55ce-4e51-a8c3-b946b35a8baa
Error Number:-1,State:0,Class:20

2026-07-20 12:59:41 [INFO]
mbm-api()
MBM API started Environment="Development" Urls="" LogFolder="Logs"

2026-07-20 12:59:44 [INFO]
AdminSeederHostedService()
Superadmin already exists ("superadmin@msmebharatmanch.com").

2026-07-20 12:59:44 [INFO]
BlogInitializerService()
Blogs table verified.

2026-07-20 12:59:44 [INFO]
BlogInitializerService()
BlogCategories table verified.

2026-07-20 12:59:44 [INFO]
BlogInitializerService()
BlogBadges table verified.

2026-07-20 12:59:45 [INFO]
SmtpWarmupHostedService()
SMTP warmup starting.

2026-07-20 12:59:45 [INFO]
SmtpEmailSender()
SMTP warmup DNS resolved Host="smtpout.secureserver.net" AddressCount=1 ElapsedMs=94

2026-07-20 12:59:45 [INFO]
SmtpEmailSender()
SMTP warmup TCP connected Host="smtpout.secureserver.net" Port=587 ElapsedMs=294

2026-07-20 12:59:45 [INFO]
SmtpWarmupHostedService()
SMTP warmup finished.

2026-07-20 13:00:03 [WARN]
Query()
Compiling a query which loads related collections for more than one collection navigation, either via 'Include' or through projection, but no 'QuerySplittingBehavior' has been configured. By default, Entity Framework will use 'QuerySplittingBehavior.SingleQuery', which can potentially result in slow query performance. See https://go.microsoft.com/fwlink/?linkid=2134277 for more information. To identify the query that's triggering this warning call 'ConfigureWarnings(w => w.Throw(RelationalEventId.MultipleCollectionIncludeWarning))'.
Request URL: GET /api/events/admin/2
IP Address: ::1
Correlation ID: 0HNN662LVTF7T:00000001

2026-07-20 14:03:48 [WARN]
Query()
Compiling a query which loads related collections for more than one collection navigation, either via 'Include' or through projection, but no 'QuerySplittingBehavior' has been configured. By default, Entity Framework will use 'QuerySplittingBehavior.SingleQuery', which can potentially result in slow query performance. See https://go.microsoft.com/fwlink/?linkid=2134277 for more information. To identify the query that's triggering this warning call 'ConfigureWarnings(w => w.Throw(RelationalEventId.MultipleCollectionIncludeWarning))'.
Request URL: GET /api/events/bll-business-topline-growth-meet-2026
IP Address: ::1
Correlation ID: 0HNN662LVTF85:00000001

2026-07-20 14:37:16 [INFO]
LogicalHandler()
Start processing HTTP request "POST" "https://www.google.com/recaptcha/api/siteverify"
Request URL: POST /api/admin/login
IP Address: ::1
Correlation ID: 0HNN662LVTF8O:00000001

2026-07-20 14:37:16 [INFO]
ClientHandler()
Sending HTTP request "POST" "https://www.google.com/recaptcha/api/siteverify"
Request URL: POST /api/admin/login
IP Address: ::1
Correlation ID: 0HNN662LVTF8O:00000001

2026-07-20 14:37:16 [INFO]
ClientHandler()
Received HTTP response headers after 375.9571ms - 200
Request URL: POST /api/admin/login
IP Address: ::1
Correlation ID: 0HNN662LVTF8O:00000001

2026-07-20 14:37:16 [INFO]
LogicalHandler()
End processing HTTP request after 414.8797ms - 200
Request URL: POST /api/admin/login
IP Address: ::1
Correlation ID: 0HNN662LVTF8O:00000001

2026-07-20 14:37:19 [WARN]
Query()
The query uses the 'First'/'FirstOrDefault' operator without 'OrderBy' and filter operators. This may lead to unpredictable results.
Request URL: GET /api/admin/enquiry-management/stats
IP Address: ::1
Correlation ID: 0HNN662LVTF8T:00000001

2026-07-20 14:37:19 [WARN]
Query()
The query uses the 'First'/'FirstOrDefault' operator without 'OrderBy' and filter operators. This may lead to unpredictable results.
Request URL: GET /api/admin/credit-repair/stats
IP Address: ::1
Correlation ID: 0HNN662LVTF8U:00000001

2026-07-20 18:13:01 [ERROR]
Command()
Failed executing DbCommand ("21,622"ms) [Parameters=[""], CommandType='Text', CommandTimeout='30']"
""SELECT [e].[EventCategoryId], [e].[CreatedAt], [e].[IconUrl], [e].[IsActive], [e].[Name], [e].[ShortDescription], [e].[ShowInFilter], [e].[Slug], [e].[SortOrder], [e].[UpdatedAt]
FROM [dbo].[EventCategories] AS [e]
WHERE [e].[IsActive] = CAST(1 AS bit) AND [e].[ShowInFilter] = CAST(1 AS bit)
ORDER BY [e].[SortOrder], [e].[Name]"
Request URL: GET /api/event-categories?filtersOnly=true
IP Address: ::1
Correlation ID: 0HNN662LVTFAC:00000001

2026-07-20 18:13:01 [ERROR]
Query()
An exception occurred while iterating over the results of a query for context type '"RB_Website_API.Data.AppDbContext"'."
""Microsoft.Data.SqlClient.SqlException (0x80131904): A transport-level error has occurred when receiving results from the server. (provider: Session Provider, error: 19 - Physical connection is not usable)
   at System.Threading.Tasks.ContinuationResultTaskFromResultTask`2.InnerInvoke()
   at System.Threading.ExecutionContext.RunInternal(ExecutionContext executionContext, ContextCallback callback, Object state)
--- End of stack trace from previous location ---
   at System.Threading.ExecutionContext.RunInternal(ExecutionContext executionContext, ContextCallback callback, Object state)
   at System.Threading.Tasks.Task.ExecuteWithThreadLocal(Task& currentTaskSlot, Thread threadPoolThread)
--- End of stack trace from previous location ---
   at Microsoft.EntityFrameworkCore.Storage.RelationalCommand.ExecuteReaderAsync(RelationalCommandParameterObject parameterObject, CancellationToken cancellationToken)
   at Microsoft.EntityFrameworkCore.Storage.RelationalCommand.ExecuteReaderAsync(RelationalCommandParameterObject parameterObject, CancellationToken cancellationToken)
   at Microsoft.EntityFrameworkCore.Query.Internal.SingleQueryingEnumerable`1.AsyncEnumerator.InitializeReaderAsync(AsyncEnumerator enumerator, CancellationToken cancellationToken)
   at Microsoft.EntityFrameworkCore.SqlServer.Storage.Internal.SqlServerExecutionStrategy.ExecuteAsync[TState,TResult](TState state, Func`4 operation, Func`4 verifySucceeded, CancellationToken cancellationToken)
   at Microsoft.EntityFrameworkCore.Query.Internal.SingleQueryingEnumerable`1.AsyncEnumerator.MoveNextAsync()
ClientConnectionId:70ab3d17-2be1-428f-a514-fd6a6376ab57
Error Number:-1,State:0,Class:20"
Request URL: GET /api/event-categories?filtersOnly=true
IP Address: ::1
Correlation ID: 0HNN662LVTFAC:00000001
Exception:
Microsoft.Data.SqlClient.SqlException (0x80131904): A transport-level error has occurred when receiving results from the server. (provider: Session Provider, error: 19 - Physical connection is not usable)
   at System.Threading.Tasks.ContinuationResultTaskFromResultTask`2.InnerInvoke()
   at System.Threading.ExecutionContext.RunInternal(ExecutionContext executionContext, ContextCallback callback, Object state)
--- End of stack trace from previous location ---
   at System.Threading.ExecutionContext.RunInternal(ExecutionContext executionContext, ContextCallback callback, Object state)
   at System.Threading.Tasks.Task.ExecuteWithThreadLocal(Task& currentTaskSlot, Thread threadPoolThread)
--- End of stack trace from previous location ---
   at Microsoft.EntityFrameworkCore.Storage.RelationalCommand.ExecuteReaderAsync(RelationalCommandParameterObject parameterObject, CancellationToken cancellationToken)
   at Microsoft.EntityFrameworkCore.Storage.RelationalCommand.ExecuteReaderAsync(RelationalCommandParameterObject parameterObject, CancellationToken cancellationToken)
   at Microsoft.EntityFrameworkCore.Query.Internal.SingleQueryingEnumerable`1.AsyncEnumerator.InitializeReaderAsync(AsyncEnumerator enumerator, CancellationToken cancellationToken)
   at Microsoft.EntityFrameworkCore.SqlServer.Storage.Internal.SqlServerExecutionStrategy.ExecuteAsync[TState,TResult](TState state, Func`4 operation, Func`4 verifySucceeded, CancellationToken cancellationToken)
   at Microsoft.EntityFrameworkCore.Query.Internal.SingleQueryingEnumerable`1.AsyncEnumerator.MoveNextAsync()
ClientConnectionId:70ab3d17-2be1-428f-a514-fd6a6376ab57
Error Number:-1,State:0,Class:20

2026-07-20 18:13:01 [ERROR]
ExceptionHandlerMiddleware()
An unhandled exception has occurred while executing the request.
Request URL: GET /api/event-categories?filtersOnly=true
IP Address: ::1
Correlation ID: 0HNN662LVTFAC:00000001
Exception:
Microsoft.Data.SqlClient.SqlException (0x80131904): A transport-level error has occurred when receiving results from the server. (provider: Session Provider, error: 19 - Physical connection is not usable)
   at System.Threading.Tasks.ContinuationResultTaskFromResultTask`2.InnerInvoke()
   at System.Threading.ExecutionContext.RunInternal(ExecutionContext executionContext, ContextCallback callback, Object state)
--- End of stack trace from previous location ---
   at System.Threading.ExecutionContext.RunInternal(ExecutionContext executionContext, ContextCallback callback, Object state)
   at System.Threading.Tasks.Task.ExecuteWithThreadLocal(Task& currentTaskSlot, Thread threadPoolThread)
--- End of stack trace from previous location ---
   at Microsoft.EntityFrameworkCore.Storage.RelationalCommand.ExecuteReaderAsync(RelationalCommandParameterObject parameterObject, CancellationToken cancellationToken)
   at Microsoft.EntityFrameworkCore.Storage.RelationalCommand.ExecuteReaderAsync(RelationalCommandParameterObject parameterObject, CancellationToken cancellationToken)
   at Microsoft.EntityFrameworkCore.Query.Internal.SingleQueryingEnumerable`1.AsyncEnumerator.InitializeReaderAsync(AsyncEnumerator enumerator, CancellationToken cancellationToken)
   at Microsoft.EntityFrameworkCore.SqlServer.Storage.Internal.SqlServerExecutionStrategy.ExecuteAsync[TState,TResult](TState state, Func`4 operation, Func`4 verifySucceeded, CancellationToken cancellationToken)
   at Microsoft.EntityFrameworkCore.Query.Internal.SingleQueryingEnumerable`1.AsyncEnumerator.MoveNextAsync()
   at Microsoft.EntityFrameworkCore.EntityFrameworkQueryableExtensions.ToListAsync[TSource](IQueryable`1 source, CancellationToken cancellationToken)
   at Microsoft.EntityFrameworkCore.EntityFrameworkQueryableExtensions.ToListAsync[TSource](IQueryable`1 source, CancellationToken cancellationToken)
   at RB_Website_API.Controllers.EventCategoryController.ListPublic(Boolean filtersOnly, CancellationToken ct) in D:\MBM\backend\Controllers\EventCategoryController.cs:line 63
   at lambda_method571(Closure, Object)
   at Microsoft.AspNetCore.Mvc.Infrastructure.ActionMethodExecutor.AwaitableObjectResultExecutor.Execute(ActionContext actionContext, IActionResultTypeMapper mapper, ObjectMethodExecutor executor, Object controller, Object[] arguments)
   at Microsoft.AspNetCore.Mvc.Infrastructure.ControllerActionInvoker.<InvokeActionMethodAsync>g__Awaited|12_0(ControllerActionInvoker invoker, ValueTask`1 actionResultValueTask)
   at Microsoft.AspNetCore.Mvc.Infrastructure.ControllerActionInvoker.<InvokeNextActionFilterAsync>g__Awaited|10_0(ControllerActionInvoker invoker, Task lastTask, State next, Scope scope, Object state, Boolean isCompleted)
   at Microsoft.AspNetCore.Mvc.Infrastructure.ControllerActionInvoker.Rethrow(ActionExecutedContextSealed context)
   at Microsoft.AspNetCore.Mvc.Infrastructure.ControllerActionInvoker.Next(State& next, Scope& scope, Object& state, Boolean& isCompleted)
   at Microsoft.AspNetCore.Mvc.Infrastructure.ControllerActionInvoker.<InvokeInnerFilterAsync>g__Awaited|13_0(ControllerActionInvoker invoker, Task lastTask, State next, Scope scope, Object state, Boolean isCompleted)
   at Microsoft.AspNetCore.Mvc.Infrastructure.ResourceInvoker.<InvokeFilterPipelineAsync>g__Awaited|20_0(ResourceInvoker invoker, Task lastTask, State next, Scope scope, Object state, Boolean isCompleted)
   at Microsoft.AspNetCore.Mvc.Infrastructure.ResourceInvoker.<InvokeAsync>g__Awaited|17_0(ResourceInvoker invoker, Task task, IDisposable scope)
   at Microsoft.AspNetCore.Mvc.Infrastructure.ResourceInvoker.<InvokeAsync>g__Awaited|17_0(ResourceInvoker invoker, Task task, IDisposable scope)
   at Microsoft.AspNetCore.Authorization.AuthorizationMiddleware.Invoke(HttpContext context)
   at Microsoft.AspNetCore.Authentication.AuthenticationMiddleware.Invoke(HttpContext context)
   at Microsoft.AspNetCore.Diagnostics.ExceptionHandlerMiddlewareImpl.<Invoke>g__Awaited|10_0(ExceptionHandlerMiddlewareImpl middleware, HttpContext context, Task task)
ClientConnectionId:70ab3d17-2be1-428f-a514-fd6a6376ab57
Error Number:-1,State:0,Class:20

2026-07-20 18:13:01 [ERROR]
ApiExceptionLogService()
API error 500 "GET" "/api/event-categories?filtersOnly=true" UserId=null IP="::1" Operation=null UserMessage="Unable to save changes. Please try again."
Request URL: GET /api/event-categories?filtersOnly=true
IP Address: ::1
Correlation ID: 0HNN662LVTFAC:00000001
Exception:
Microsoft.Data.SqlClient.SqlException (0x80131904): A transport-level error has occurred when receiving results from the server. (provider: Session Provider, error: 19 - Physical connection is not usable)
   at System.Threading.Tasks.ContinuationResultTaskFromResultTask`2.InnerInvoke()
   at System.Threading.ExecutionContext.RunInternal(ExecutionContext executionContext, ContextCallback callback, Object state)
--- End of stack trace from previous location ---
   at System.Threading.ExecutionContext.RunInternal(ExecutionContext executionContext, ContextCallback callback, Object state)
   at System.Threading.Tasks.Task.ExecuteWithThreadLocal(Task& currentTaskSlot, Thread threadPoolThread)
--- End of stack trace from previous location ---
   at Microsoft.EntityFrameworkCore.Storage.RelationalCommand.ExecuteReaderAsync(RelationalCommandParameterObject parameterObject, CancellationToken cancellationToken)
   at Microsoft.EntityFrameworkCore.Storage.RelationalCommand.ExecuteReaderAsync(RelationalCommandParameterObject parameterObject, CancellationToken cancellationToken)
   at Microsoft.EntityFrameworkCore.Query.Internal.SingleQueryingEnumerable`1.AsyncEnumerator.InitializeReaderAsync(AsyncEnumerator enumerator, CancellationToken cancellationToken)
   at Microsoft.EntityFrameworkCore.SqlServer.Storage.Internal.SqlServerExecutionStrategy.ExecuteAsync[TState,TResult](TState state, Func`4 operation, Func`4 verifySucceeded, CancellationToken cancellationToken)
   at Microsoft.EntityFrameworkCore.Query.Internal.SingleQueryingEnumerable`1.AsyncEnumerator.MoveNextAsync()
   at Microsoft.EntityFrameworkCore.EntityFrameworkQueryableExtensions.ToListAsync[TSource](IQueryable`1 source, CancellationToken cancellationToken)
   at Microsoft.EntityFrameworkCore.EntityFrameworkQueryableExtensions.ToListAsync[TSource](IQueryable`1 source, CancellationToken cancellationToken)
   at RB_Website_API.Controllers.EventCategoryController.ListPublic(Boolean filtersOnly, CancellationToken ct) in D:\MBM\backend\Controllers\EventCategoryController.cs:line 63
   at lambda_method571(Closure, Object)
   at Microsoft.AspNetCore.Mvc.Infrastructure.ActionMethodExecutor.AwaitableObjectResultExecutor.Execute(ActionContext actionContext, IActionResultTypeMapper mapper, ObjectMethodExecutor executor, Object controller, Object[] arguments)
   at Microsoft.AspNetCore.Mvc.Infrastructure.ControllerActionInvoker.<InvokeActionMethodAsync>g__Awaited|12_0(ControllerActionInvoker invoker, ValueTask`1 actionResultValueTask)
   at Microsoft.AspNetCore.Mvc.Infrastructure.ControllerActionInvoker.<InvokeNextActionFilterAsync>g__Awaited|10_0(ControllerActionInvoker invoker, Task lastTask, State next, Scope scope, Object state, Boolean isCompleted)
   at Microsoft.AspNetCore.Mvc.Infrastructure.ControllerActionInvoker.Rethrow(ActionExecutedContextSealed context)
   at Microsoft.AspNetCore.Mvc.Infrastructure.ControllerActionInvoker.Next(State& next, Scope& scope, Object& state, Boolean& isCompleted)
   at Microsoft.AspNetCore.Mvc.Infrastructure.ControllerActionInvoker.<InvokeInnerFilterAsync>g__Awaited|13_0(ControllerActionInvoker invoker, Task lastTask, State next, Scope scope, Object state, Boolean isCompleted)
   at Microsoft.AspNetCore.Mvc.Infrastructure.ResourceInvoker.<InvokeFilterPipelineAsync>g__Awaited|20_0(ResourceInvoker invoker, Task lastTask, State next, Scope scope, Object state, Boolean isCompleted)
   at Microsoft.AspNetCore.Mvc.Infrastructure.ResourceInvoker.<InvokeAsync>g__Awaited|17_0(ResourceInvoker invoker, Task task, IDisposable scope)
   at Microsoft.AspNetCore.Mvc.Infrastructure.ResourceInvoker.<InvokeAsync>g__Awaited|17_0(ResourceInvoker invoker, Task task, IDisposable scope)
   at Microsoft.AspNetCore.Authorization.AuthorizationMiddleware.Invoke(HttpContext context)
   at Microsoft.AspNetCore.Authentication.AuthenticationMiddleware.Invoke(HttpContext context)
   at Microsoft.AspNetCore.Diagnostics.ExceptionHandlerMiddlewareImpl.<Invoke>g__Awaited|10_0(ExceptionHandlerMiddlewareImpl middleware, HttpContext context, Task task)
ClientConnectionId:70ab3d17-2be1-428f-a514-fd6a6376ab57
Error Number:-1,State:0,Class:20

2026-07-20 18:13:02 [ERROR]
Command()
Failed executing DbCommand ("22,563"ms) [Parameters=[""], CommandType='Text', CommandTimeout='30']"
""SELECT COUNT(*)
FROM [dbo].[Events] AS [e]
WHERE [e].[IsPublished] = CAST(1 AS bit)"
Request URL: GET /api/events?page=1&pageSize=100
IP Address: ::1
Correlation ID: 0HNN662LVTFAD:00000001

2026-07-20 18:13:02 [ERROR]
Query()
An exception occurred while iterating over the results of a query for context type '"RB_Website_API.Data.AppDbContext"'."
""Microsoft.Data.SqlClient.SqlException (0x80131904): A transport-level error has occurred when receiving results from the server. (provider: Session Provider, error: 19 - Physical connection is not usable)
   at System.Threading.Tasks.ContinuationResultTaskFromResultTask`2.InnerInvoke()
   at System.Threading.ExecutionContext.RunInternal(ExecutionContext executionContext, ContextCallback callback, Object state)
--- End of stack trace from previous location ---
   at System.Threading.ExecutionContext.RunInternal(ExecutionContext executionContext, ContextCallback callback, Object state)
   at System.Threading.Tasks.Task.ExecuteWithThreadLocal(Task& currentTaskSlot, Thread threadPoolThread)
--- End of stack trace from previous location ---
   at Microsoft.EntityFrameworkCore.Storage.RelationalCommand.ExecuteReaderAsync(RelationalCommandParameterObject parameterObject, CancellationToken cancellationToken)
   at Microsoft.EntityFrameworkCore.Storage.RelationalCommand.ExecuteReaderAsync(RelationalCommandParameterObject parameterObject, CancellationToken cancellationToken)
   at Microsoft.EntityFrameworkCore.Query.Internal.SingleQueryingEnumerable`1.AsyncEnumerator.InitializeReaderAsync(AsyncEnumerator enumerator, CancellationToken cancellationToken)
   at Microsoft.EntityFrameworkCore.SqlServer.Storage.Internal.SqlServerExecutionStrategy.ExecuteAsync[TState,TResult](TState state, Func`4 operation, Func`4 verifySucceeded, CancellationToken cancellationToken)
   at Microsoft.EntityFrameworkCore.Query.Internal.SingleQueryingEnumerable`1.AsyncEnumerator.MoveNextAsync()
ClientConnectionId:784e43a5-e4da-49a5-8901-5c7d9bc141d8
Error Number:-1,State:0,Class:20"
Request URL: GET /api/events?page=1&pageSize=100
IP Address: ::1
Correlation ID: 0HNN662LVTFAD:00000001
Exception:
Microsoft.Data.SqlClient.SqlException (0x80131904): A transport-level error has occurred when receiving results from the server. (provider: Session Provider, error: 19 - Physical connection is not usable)
   at System.Threading.Tasks.ContinuationResultTaskFromResultTask`2.InnerInvoke()
   at System.Threading.ExecutionContext.RunInternal(ExecutionContext executionContext, ContextCallback callback, Object state)
--- End of stack trace from previous location ---
   at System.Threading.ExecutionContext.RunInternal(ExecutionContext executionContext, ContextCallback callback, Object state)
   at System.Threading.Tasks.Task.ExecuteWithThreadLocal(Task& currentTaskSlot, Thread threadPoolThread)
--- End of stack trace from previous location ---
   at Microsoft.EntityFrameworkCore.Storage.RelationalCommand.ExecuteReaderAsync(RelationalCommandParameterObject parameterObject, CancellationToken cancellationToken)
   at Microsoft.EntityFrameworkCore.Storage.RelationalCommand.ExecuteReaderAsync(RelationalCommandParameterObject parameterObject, CancellationToken cancellationToken)
   at Microsoft.EntityFrameworkCore.Query.Internal.SingleQueryingEnumerable`1.AsyncEnumerator.InitializeReaderAsync(AsyncEnumerator enumerator, CancellationToken cancellationToken)
   at Microsoft.EntityFrameworkCore.SqlServer.Storage.Internal.SqlServerExecutionStrategy.ExecuteAsync[TState,TResult](TState state, Func`4 operation, Func`4 verifySucceeded, CancellationToken cancellationToken)
   at Microsoft.EntityFrameworkCore.Query.Internal.SingleQueryingEnumerable`1.AsyncEnumerator.MoveNextAsync()
ClientConnectionId:784e43a5-e4da-49a5-8901-5c7d9bc141d8
Error Number:-1,State:0,Class:20

2026-07-20 18:13:02 [ERROR]
ExceptionHandlerMiddleware()
An unhandled exception has occurred while executing the request.
Request URL: GET /api/events?page=1&pageSize=100
IP Address: ::1
Correlation ID: 0HNN662LVTFAD:00000001
Exception:
Microsoft.Data.SqlClient.SqlException (0x80131904): A transport-level error has occurred when receiving results from the server. (provider: Session Provider, error: 19 - Physical connection is not usable)
   at System.Threading.Tasks.ContinuationResultTaskFromResultTask`2.InnerInvoke()
   at System.Threading.ExecutionContext.RunInternal(ExecutionContext executionContext, ContextCallback callback, Object state)
--- End of stack trace from previous location ---
   at System.Threading.ExecutionContext.RunInternal(ExecutionContext executionContext, ContextCallback callback, Object state)
   at System.Threading.Tasks.Task.ExecuteWithThreadLocal(Task& currentTaskSlot, Thread threadPoolThread)
--- End of stack trace from previous location ---
   at Microsoft.EntityFrameworkCore.Storage.RelationalCommand.ExecuteReaderAsync(RelationalCommandParameterObject parameterObject, CancellationToken cancellationToken)
   at Microsoft.EntityFrameworkCore.Storage.RelationalCommand.ExecuteReaderAsync(RelationalCommandParameterObject parameterObject, CancellationToken cancellationToken)
   at Microsoft.EntityFrameworkCore.Query.Internal.SingleQueryingEnumerable`1.AsyncEnumerator.InitializeReaderAsync(AsyncEnumerator enumerator, CancellationToken cancellationToken)
   at Microsoft.EntityFrameworkCore.SqlServer.Storage.Internal.SqlServerExecutionStrategy.ExecuteAsync[TState,TResult](TState state, Func`4 operation, Func`4 verifySucceeded, CancellationToken cancellationToken)
   at Microsoft.EntityFrameworkCore.Query.Internal.SingleQueryingEnumerable`1.AsyncEnumerator.MoveNextAsync()
   at Microsoft.EntityFrameworkCore.Query.ShapedQueryCompilingExpressionVisitor.SingleAsync[TSource](IAsyncEnumerable`1 asyncEnumerable, CancellationToken cancellationToken)
   at Microsoft.EntityFrameworkCore.Query.ShapedQueryCompilingExpressionVisitor.SingleAsync[TSource](IAsyncEnumerable`1 asyncEnumerable, CancellationToken cancellationToken)
   at RB_Website_API.Controllers.EventController.GetPublished(String search, String category, String city, String lifecycle, Nullable`1 featured, Int32 page, Int32 pageSize, CancellationToken ct) in D:\MBM\backend\Controllers\EventController.cs:line 233
   at lambda_method229(Closure, Object)
   at Microsoft.AspNetCore.Mvc.Infrastructure.ActionMethodExecutor.AwaitableObjectResultExecutor.Execute(ActionContext actionContext, IActionResultTypeMapper mapper, ObjectMethodExecutor executor, Object controller, Object[] arguments)
   at Microsoft.AspNetCore.Mvc.Infrastructure.ControllerActionInvoker.<InvokeActionMethodAsync>g__Awaited|12_0(ControllerActionInvoker invoker, ValueTask`1 actionResultValueTask)
   at Microsoft.AspNetCore.Mvc.Infrastructure.ControllerActionInvoker.<InvokeNextActionFilterAsync>g__Awaited|10_0(ControllerActionInvoker invoker, Task lastTask, State next, Scope scope, Object state, Boolean isCompleted)
   at Microsoft.AspNetCore.Mvc.Infrastructure.ControllerActionInvoker.Rethrow(ActionExecutedContextSealed context)
   at Microsoft.AspNetCore.Mvc.Infrastructure.ControllerActionInvoker.Next(State& next, Scope& scope, Object& state, Boolean& isCompleted)
   at Microsoft.AspNetCore.Mvc.Infrastructure.ControllerActionInvoker.<InvokeInnerFilterAsync>g__Awaited|13_0(ControllerActionInvoker invoker, Task lastTask, State next, Scope scope, Object state, Boolean isCompleted)
   at Microsoft.AspNetCore.Mvc.Infrastructure.ResourceInvoker.<InvokeFilterPipelineAsync>g__Awaited|20_0(ResourceInvoker invoker, Task lastTask, State next, Scope scope, Object state, Boolean isCompleted)
   at Microsoft.AspNetCore.Mvc.Infrastructure.ResourceInvoker.<InvokeAsync>g__Awaited|17_0(ResourceInvoker invoker, Task task, IDisposable scope)
   at Microsoft.AspNetCore.Mvc.Infrastructure.ResourceInvoker.<InvokeAsync>g__Awaited|17_0(ResourceInvoker invoker, Task task, IDisposable scope)
   at Microsoft.AspNetCore.Authorization.AuthorizationMiddleware.Invoke(HttpContext context)
   at Microsoft.AspNetCore.Authentication.AuthenticationMiddleware.Invoke(HttpContext context)
   at Microsoft.AspNetCore.Diagnostics.ExceptionHandlerMiddlewareImpl.<Invoke>g__Awaited|10_0(ExceptionHandlerMiddlewareImpl middleware, HttpContext context, Task task)
ClientConnectionId:784e43a5-e4da-49a5-8901-5c7d9bc141d8
Error Number:-1,State:0,Class:20

2026-07-20 18:13:02 [ERROR]
ApiExceptionLogService()
API error 500 "GET" "/api/events?page=1&pageSize=100" UserId=null IP="::1" Operation=null UserMessage="Unable to save changes. Please try again."
Request URL: GET /api/events?page=1&pageSize=100
IP Address: ::1
Correlation ID: 0HNN662LVTFAD:00000001
Exception:
Microsoft.Data.SqlClient.SqlException (0x80131904): A transport-level error has occurred when receiving results from the server. (provider: Session Provider, error: 19 - Physical connection is not usable)
   at System.Threading.Tasks.ContinuationResultTaskFromResultTask`2.InnerInvoke()
   at System.Threading.ExecutionContext.RunInternal(ExecutionContext executionContext, ContextCallback callback, Object state)
--- End of stack trace from previous location ---
   at System.Threading.ExecutionContext.RunInternal(ExecutionContext executionContext, ContextCallback callback, Object state)
   at System.Threading.Tasks.Task.ExecuteWithThreadLocal(Task& currentTaskSlot, Thread threadPoolThread)
--- End of stack trace from previous location ---
   at Microsoft.EntityFrameworkCore.Storage.RelationalCommand.ExecuteReaderAsync(RelationalCommandParameterObject parameterObject, CancellationToken cancellationToken)
   at Microsoft.EntityFrameworkCore.Storage.RelationalCommand.ExecuteReaderAsync(RelationalCommandParameterObject parameterObject, CancellationToken cancellationToken)
   at Microsoft.EntityFrameworkCore.Query.Internal.SingleQueryingEnumerable`1.AsyncEnumerator.InitializeReaderAsync(AsyncEnumerator enumerator, CancellationToken cancellationToken)
   at Microsoft.EntityFrameworkCore.SqlServer.Storage.Internal.SqlServerExecutionStrategy.ExecuteAsync[TState,TResult](TState state, Func`4 operation, Func`4 verifySucceeded, CancellationToken cancellationToken)
   at Microsoft.EntityFrameworkCore.Query.Internal.SingleQueryingEnumerable`1.AsyncEnumerator.MoveNextAsync()
   at Microsoft.EntityFrameworkCore.Query.ShapedQueryCompilingExpressionVisitor.SingleAsync[TSource](IAsyncEnumerable`1 asyncEnumerable, CancellationToken cancellationToken)
   at Microsoft.EntityFrameworkCore.Query.ShapedQueryCompilingExpressionVisitor.SingleAsync[TSource](IAsyncEnumerable`1 asyncEnumerable, CancellationToken cancellationToken)
   at RB_Website_API.Controllers.EventController.GetPublished(String search, String category, String city, String lifecycle, Nullable`1 featured, Int32 page, Int32 pageSize, CancellationToken ct) in D:\MBM\backend\Controllers\EventController.cs:line 233
   at lambda_method229(Closure, Object)
   at Microsoft.AspNetCore.Mvc.Infrastructure.ActionMethodExecutor.AwaitableObjectResultExecutor.Execute(ActionContext actionContext, IActionResultTypeMapper mapper, ObjectMethodExecutor executor, Object controller, Object[] arguments)
   at Microsoft.AspNetCore.Mvc.Infrastructure.ControllerActionInvoker.<InvokeActionMethodAsync>g__Awaited|12_0(ControllerActionInvoker invoker, ValueTask`1 actionResultValueTask)
   at Microsoft.AspNetCore.Mvc.Infrastructure.ControllerActionInvoker.<InvokeNextActionFilterAsync>g__Awaited|10_0(ControllerActionInvoker invoker, Task lastTask, State next, Scope scope, Object state, Boolean isCompleted)
   at Microsoft.AspNetCore.Mvc.Infrastructure.ControllerActionInvoker.Rethrow(ActionExecutedContextSealed context)
   at Microsoft.AspNetCore.Mvc.Infrastructure.ControllerActionInvoker.Next(State& next, Scope& scope, Object& state, Boolean& isCompleted)
   at Microsoft.AspNetCore.Mvc.Infrastructure.ControllerActionInvoker.<InvokeInnerFilterAsync>g__Awaited|13_0(ControllerActionInvoker invoker, Task lastTask, State next, Scope scope, Object state, Boolean isCompleted)
   at Microsoft.AspNetCore.Mvc.Infrastructure.ResourceInvoker.<InvokeFilterPipelineAsync>g__Awaited|20_0(ResourceInvoker invoker, Task lastTask, State next, Scope scope, Object state, Boolean isCompleted)
   at Microsoft.AspNetCore.Mvc.Infrastructure.ResourceInvoker.<InvokeAsync>g__Awaited|17_0(ResourceInvoker invoker, Task task, IDisposable scope)
   at Microsoft.AspNetCore.Mvc.Infrastructure.ResourceInvoker.<InvokeAsync>g__Awaited|17_0(ResourceInvoker invoker, Task task, IDisposable scope)
   at Microsoft.AspNetCore.Authorization.AuthorizationMiddleware.Invoke(HttpContext context)
   at Microsoft.AspNetCore.Authentication.AuthenticationMiddleware.Invoke(HttpContext context)
   at Microsoft.AspNetCore.Diagnostics.ExceptionHandlerMiddlewareImpl.<Invoke>g__Awaited|10_0(ExceptionHandlerMiddlewareImpl middleware, HttpContext context, Task task)
ClientConnectionId:784e43a5-e4da-49a5-8901-5c7d9bc141d8
Error Number:-1,State:0,Class:20

2026-07-20 18:20:30 [INFO]
LogicalHandler()
Start processing HTTP request "POST" "https://www.google.com/recaptcha/api/siteverify"
Request URL: POST /api/admin/login
IP Address: ::1
Correlation ID: 0HNN662LVTFAI:00000001

2026-07-20 18:20:30 [INFO]
ClientHandler()
Sending HTTP request "POST" "https://www.google.com/recaptcha/api/siteverify"
Request URL: POST /api/admin/login
IP Address: ::1
Correlation ID: 0HNN662LVTFAI:00000001

2026-07-20 18:20:30 [INFO]
ClientHandler()
Received HTTP response headers after 275.4699ms - 200
Request URL: POST /api/admin/login
IP Address: ::1
Correlation ID: 0HNN662LVTFAI:00000001

2026-07-20 18:20:30 [INFO]
LogicalHandler()
End processing HTTP request after 277.7963ms - 200
Request URL: POST /api/admin/login
IP Address: ::1
Correlation ID: 0HNN662LVTFAI:00000001

